----------------------------------------
Begin PBS Prologue Thu Feb  2 18:37:36 EST 2017 1486078656
Job ID:		77607338.gm-1r16-n04.guillimin.clumeq.ca
Username:	akashi
Group:		rck-371-01
Nodes:		sw-4r01-n44
End PBS Prologue Thu Feb  2 18:37:36 EST 2017 1486078656
----------------------------------------
model name	: Intel(R) Xeon(R) CPU E5-2670 0 @ 2.60GHz
model name	: Intel(R) Xeon(R) CPU E5-2670 0 @ 2.60GHz
model name	: Intel(R) Xeon(R) CPU E5-2670 0 @ 2.60GHz
model name	: Intel(R) Xeon(R) CPU E5-2670 0 @ 2.60GHz
model name	: Intel(R) Xeon(R) CPU E5-2670 0 @ 2.60GHz
model name	: Intel(R) Xeon(R) CPU E5-2670 0 @ 2.60GHz
model name	: Intel(R) Xeon(R) CPU E5-2670 0 @ 2.60GHz
model name	: Intel(R) Xeon(R) CPU E5-2670 0 @ 2.60GHz
model name	: Intel(R) Xeon(R) CPU E5-2670 0 @ 2.60GHz
model name	: Intel(R) Xeon(R) CPU E5-2670 0 @ 2.60GHz
model name	: Intel(R) Xeon(R) CPU E5-2670 0 @ 2.60GHz
model name	: Intel(R) Xeon(R) CPU E5-2670 0 @ 2.60GHz
model name	: Intel(R) Xeon(R) CPU E5-2670 0 @ 2.60GHz
model name	: Intel(R) Xeon(R) CPU E5-2670 0 @ 2.60GHz
model name	: Intel(R) Xeon(R) CPU E5-2670 0 @ 2.60GHz
model name	: Intel(R) Xeon(R) CPU E5-2670 0 @ 2.60GHz
setup: Selected LLF flux
Simulation parameters: 10000, 1.000000, 1, 3, llf, 0.200000, 0.000010, 800000
Euler1d steady explicit: Initial residual = 0.000017
Euler1dSteadyExplicit: run(): Step 0, relative mass flux norm = 1.000148
Euler1dSteadyExplicit: run(): Step 10, relative mass flux norm = 0.997909
Euler1dSteadyExplicit: run(): Step 20, relative mass flux norm = 0.997309
Euler1dSteadyExplicit: run(): Step 30, relative mass flux norm = 0.996715
Euler1dSteadyExplicit: run(): Step 40, relative mass flux norm = 0.996128
Euler1dSteadyExplicit: run(): Step 50, relative mass flux norm = 0.995556
Euler1dSteadyExplicit: run(): Step 60, relative mass flux norm = 0.995003
Euler1dSteadyExplicit: run(): Step 70, relative mass flux norm = 0.994478
Euler1dSteadyExplicit: run(): Step 80, relative mass flux norm = 0.993993
Euler1dSteadyExplicit: run(): Step 90, relative mass flux norm = 0.993566
Euler1dSteadyExplicit: run(): Step 100, relative mass flux norm = 0.993222
Euler1dSteadyExplicit: run(): Step 110, relative mass flux norm = 0.993000
Euler1dSteadyExplicit: run(): Step 120, relative mass flux norm = 0.992952
Euler1dSteadyExplicit: run(): Step 130, relative mass flux norm = 0.993157
Euler1dSteadyExplicit: run(): Step 140, relative mass flux norm = 0.993727
Euler1dSteadyExplicit: run(): Step 150, relative mass flux norm = 0.994827
Euler1dSteadyExplicit: run(): Step 160, relative mass flux norm = 0.996695
Euler1dSteadyExplicit: run(): Step 170, relative mass flux norm = 0.999675
Euler1dSteadyExplicit: run(): Step 180, relative mass flux norm = 1.004266
Euler1dSteadyExplicit: run(): Step 190, relative mass flux norm = 1.011183
Euler1dSteadyExplicit: run(): Step 200, relative mass flux norm = 1.021451
Euler1dSteadyExplicit: run(): Step 210, relative mass flux norm = 1.036518
Euler1dSteadyExplicit: run(): Step 220, relative mass flux norm = 1.058407
Euler1dSteadyExplicit: run(): Step 230, relative mass flux norm = 1.089884
Euler1dSteadyExplicit: run(): Step 240, relative mass flux norm = 1.134640
Euler1dSteadyExplicit: run(): Step 250, relative mass flux norm = 1.197447
Euler1dSteadyExplicit: run(): Step 260, relative mass flux norm = 1.284251
Euler1dSteadyExplicit: run(): Step 270, relative mass flux norm = 1.402194
Euler1dSteadyExplicit: run(): Step 280, relative mass flux norm = 1.559583
Euler1dSteadyExplicit: run(): Step 290, relative mass flux norm = 1.765892
Euler1dSteadyExplicit: run(): Step 300, relative mass flux norm = 2.031896
Euler1dSteadyExplicit: run(): Step 310, relative mass flux norm = 2.369993
Euler1dSteadyExplicit: run(): Step 320, relative mass flux norm = 2.794732
Euler1dSteadyExplicit: run(): Step 330, relative mass flux norm = 3.323487
Euler1dSteadyExplicit: run(): Step 340, relative mass flux norm = 3.977283
Euler1dSteadyExplicit: run(): Step 350, relative mass flux norm = 4.781733
Euler1dSteadyExplicit: run(): Step 360, relative mass flux norm = 5.768138
Euler1dSteadyExplicit: run(): Step 370, relative mass flux norm = 6.974777
Euler1dSteadyExplicit: run(): Step 380, relative mass flux norm = 8.448452
Euler1dSteadyExplicit: run(): Step 390, relative mass flux norm = 10.246345
Euler1dSteadyExplicit: run(): Step 400, relative mass flux norm = 12.438287
Euler1dSteadyExplicit: run(): Step 410, relative mass flux norm = 15.109509
Euler1dSteadyExplicit: run(): Step 420, relative mass flux norm = 18.363994
Euler1dSteadyExplicit: run(): Step 430, relative mass flux norm = 22.328574
Euler1dSteadyExplicit: run(): Step 440, relative mass flux norm = 27.157922
Euler1dSteadyExplicit: run(): Step 450, relative mass flux norm = 33.040646
Euler1dSteadyExplicit: run(): Step 460, relative mass flux norm = 40.206672
Euler1dSteadyExplicit: run(): Step 470, relative mass flux norm = 48.936339
Euler1dSteadyExplicit: run(): Step 480, relative mass flux norm = 59.571398
Euler1dSteadyExplicit: run(): Step 490, relative mass flux norm = 72.528400
Euler1dSteadyExplicit: run(): Step 500, relative mass flux norm = 88.315060
Euler1dSteadyExplicit: run(): Step 510, relative mass flux norm = 107.550086
Euler1dSteadyExplicit: run(): Step 520, relative mass flux norm = 130.987535
Euler1dSteadyExplicit: run(): Step 530, relative mass flux norm = 159.545773
Euler1dSteadyExplicit: run(): Step 540, relative mass flux norm = 194.343799
Euler1dSteadyExplicit: run(): Step 550, relative mass flux norm = 236.743568
Euler1dSteadyExplicit: run(): Step 560, relative mass flux norm = 288.402818
Euler1dSteadyExplicit: run(): Step 570, relative mass flux norm = 351.339660
Euler1dSteadyExplicit: run(): Step 580, relative mass flux norm = 428.007443
Euler1dSteadyExplicit: run(): Step 590, relative mass flux norm = 521.386624
Euler1dSteadyExplicit: run(): Step 600, relative mass flux norm = 635.092691
Euler1dSteadyExplicit: run(): Step 610, relative mass flux norm = 773.536749
Euler1dSteadyExplicit: run(): Step 620, relative mass flux norm = 942.057323
Euler1dSteadyExplicit: run(): Step 630, relative mass flux norm = 1147.073412
Euler1dSteadyExplicit: run(): Step 640, relative mass flux norm = 1396.346869
Euler1dSteadyExplicit: run(): Step 650, relative mass flux norm = 1699.457040
Euler1dSteadyExplicit: run(): Step 660, relative mass flux norm = 2068.242974
Euler1dSteadyExplicit: run(): Step 670, relative mass flux norm = 2515.925933
Euler1dSteadyExplicit: run(): Step 680, relative mass flux norm = 3056.187009
Euler1dSteadyExplicit: run(): Step 690, relative mass flux norm = 3709.197626
Euler1dSteadyExplicit: run(): Step 700, relative mass flux norm = 4507.508676
Euler1dSteadyExplicit: run(): Step 710, relative mass flux norm = 5503.649197
Euler1dSteadyExplicit: run(): Step 720, relative mass flux norm = 6819.962506
Euler1d Steady Explicit: run(): Done. Number of time steps = 725, Final relative residual = -nan
postprocess_steady: Writing output to file.
----------------------------------------
Begin PBS Epilogue Thu Feb  2 18:37:37 EST 2017 1486078657
Job ID:		77607338.gm-1r16-n04.guillimin.clumeq.ca
Username:	akashi
Group:		rck-371-01
Job Name:	nozzle_serial
Session:	2640
Limits:		neednodes=1:ppn=1:sandybridge,nodes=1:ppn=1:sandybridge,pmem=2700mb,walltime=00:05:00
Resources:	cput=00:00:00,energy_used=0,mem=0kb,vmem=0kb,walltime=00:00:01
Queue:		serial-short
Account:	rck-371-aa
Exit code:	0
Nodes:	sw-4r01-n44
Killing leftovers...

End PBS Epilogue Thu Feb  2 18:37:38 EST 2017 1486078658
----------------------------------------
