----------------------------------------
Begin PBS Prologue Fri Jan 27 17:58:30 EST 2017 1485557910
Job ID:		77167962.gm-1r16-n04.guillimin.clumeq.ca
Username:	akashi
Group:		rck-371-01
Nodes:		aw-4r14-n26
End PBS Prologue Fri Jan 27 17:58:30 EST 2017 1485557910
----------------------------------------
Unsteady: 10000, 1.000000, 0, 0, vanleer, 0.200000, 0.200000, 1
setup: Selected Van Leer flux
Euler1dExplicit: Using 1-stage TVD RK scheme; loaded coefficients.
Euler1dExplicit: run(): Step 0 - Time = 0.000000
Euler1dExplicit: run(): Step 10 - Time = 0.000148
Euler1dExplicit: run(): Step 20 - Time = 0.000284
Euler1dExplicit: run(): Step 30 - Time = 0.000416
Euler1dExplicit: run(): Step 40 - Time = 0.000547
Euler1dExplicit: run(): Step 50 - Time = 0.000676
Euler1dExplicit: run(): Step 60 - Time = 0.000806
Euler1dExplicit: run(): Step 70 - Time = 0.000936
Euler1dExplicit: run(): Step 80 - Time = 0.001066
Euler1dExplicit: run(): Step 90 - Time = 0.001196
Euler1dExplicit: run(): Step 100 - Time = 0.001326
Euler1dExplicit: run(): Step 110 - Time = 0.001456
Euler1dExplicit: run(): Step 120 - Time = 0.001586
Euler1dExplicit: run(): Step 130 - Time = 0.001716
Euler1dExplicit: run(): Step 140 - Time = 0.001846
Euler1dExplicit: run(): Step 150 - Time = 0.001975
Euler1dExplicit: run(): Step 160 - Time = 0.002105
Euler1dExplicit: run(): Step 170 - Time = 0.002235
Euler1dExplicit: run(): Step 180 - Time = 0.002365
Euler1dExplicit: run(): Step 190 - Time = 0.002495
Euler1dExplicit: run(): Step 200 - Time = 0.002625
Euler1dExplicit: run(): Step 210 - Time = 0.002755
Euler1dExplicit: run(): Step 220 - Time = 0.002885
Euler1dExplicit: run(): Step 230 - Time = 0.003015
Euler1dExplicit: run(): Step 240 - Time = 0.003145
Euler1dExplicit: run(): Step 250 - Time = 0.003274
Euler1dExplicit: run(): Step 260 - Time = 0.003404
Euler1dExplicit: run(): Step 270 - Time = 0.003534
Euler1dExplicit: run(): Step 280 - Time = 0.003664
Euler1dExplicit: run(): Step 290 - Time = 0.003794
Euler1dExplicit: run(): Step 300 - Time = 0.003924
Euler1dExplicit: run(): Step 310 - Time = 0.004054
Euler1dExplicit: run(): Step 320 - Time = 0.004184
Euler1dExplicit: run(): Step 330 - Time = 0.004314
Euler1dExplicit: run(): Step 340 - Time = 0.004444
Euler1dExplicit: run(): Step 350 - Time = 0.004573
Euler1dExplicit: run(): Step 360 - Time = 0.004703
Euler1dExplicit: run(): Step 370 - Time = 0.004833
Euler1dExplicit: run(): Step 380 - Time = 0.004963
Euler1dExplicit: run(): Step 390 - Time = 0.005093
Euler1dExplicit: run(): Step 400 - Time = 0.005223
Euler1dExplicit: run(): Step 410 - Time = 0.005353
Euler1dExplicit: run(): Step 420 - Time = 0.005483
Euler1dExplicit: run(): Step 430 - Time = 0.005613
Euler1dExplicit: run(): Step 440 - Time = 0.005743
Euler1dExplicit: run(): Step 450 - Time = 0.005872
Euler1dExplicit: run(): Step 460 - Time = 0.006002
Euler1dExplicit: run(): Step 470 - Time = 0.006132
Euler1dExplicit: run(): Step 480 - Time = 0.006262
Euler1dExplicit: run(): Step 490 - Time = 0.006392
Euler1dExplicit: run(): Step 500 - Time = 0.006522
Euler1dExplicit: run(): Step 510 - Time = 0.006652
Euler1dExplicit: run(): Step 520 - Time = 0.006782
Euler1dExplicit: run(): Step 530 - Time = 0.006912
Euler1dExplicit: run(): Step 540 - Time = 0.007041
Euler1dExplicit: run(): Step 550 - Time = 0.007171
Euler1dExplicit: run(): Step 560 - Time = 0.007301
Euler1dExplicit: run(): Step 570 - Time = 0.007431
Euler1dExplicit: run(): Step 580 - Time = 0.007561
Euler1dExplicit: run(): Step 590 - Time = 0.007691
Euler1dExplicit: run(): Step 600 - Time = 0.007821
Euler1dExplicit: run(): Step 610 - Time = 0.007951
Euler1dExplicit: run(): Step 620 - Time = 0.008081
Euler1dExplicit: run(): Step 630 - Time = 0.008211
Euler1dExplicit: run(): Step 640 - Time = 0.008340
Euler1dExplicit: run(): Step 650 - Time = 0.008470
Euler1dExplicit: run(): Step 660 - Time = 0.008600
Euler1dExplicit: run(): Step 670 - Time = 0.008730
Euler1dExplicit: run(): Step 680 - Time = 0.008860
Euler1dExplicit: run(): Step 690 - Time = 0.008990
Euler1dExplicit: run(): Step 700 - Time = 0.009120
Euler1dExplicit: run(): Step 710 - Time = 0.009250
Euler1dExplicit: run(): Step 720 - Time = 0.009380
Euler1dExplicit: run(): Step 730 - Time = 0.009510
Euler1dExplicit: run(): Step 740 - Time = 0.009639
Euler1dExplicit: run(): Step 750 - Time = 0.009769
Euler1dExplicit: run(): Step 760 - Time = 0.009899
Euler1dExplicit: run(): Step 770 - Time = 0.010029
Euler1dExplicit: run(): Step 780 - Time = 0.010159
Euler1dExplicit: run(): Step 790 - Time = 0.010289
Euler1dExplicit: run(): Step 800 - Time = 0.010419
Euler1dExplicit: run(): Step 810 - Time = 0.010549
Euler1dExplicit: run(): Step 820 - Time = 0.010679
Euler1dExplicit: run(): Step 830 - Time = 0.010809
Euler1dExplicit: run(): Step 840 - Time = 0.010938
Euler1dExplicit: run(): Step 850 - Time = 0.011068
Euler1dExplicit: run(): Step 860 - Time = 0.011198
Euler1dExplicit: run(): Step 870 - Time = 0.011328
Euler1dExplicit: run(): Step 880 - Time = 0.011458
Euler1dExplicit: run(): Step 890 - Time = 0.011588
Euler1dExplicit: run(): Step 900 - Time = 0.011718
Euler1dExplicit: run(): Step 910 - Time = 0.011848
Euler1dExplicit: run(): Step 920 - Time = 0.011978
Euler1dExplicit: run(): Step 930 - Time = 0.012108
Euler1dExplicit: run(): Step 940 - Time = 0.012237
Euler1dExplicit: run(): Step 950 - Time = 0.012367
Euler1dExplicit: run(): Step 960 - Time = 0.012497
Euler1dExplicit: run(): Step 970 - Time = 0.012627
Euler1dExplicit: run(): Step 980 - Time = 0.012757
Euler1dExplicit: run(): Step 990 - Time = 0.012887
Euler1dExplicit: run(): Step 1000 - Time = 0.013017
Euler1dExplicit: run(): Step 1010 - Time = 0.013147
Euler1dExplicit: run(): Step 1020 - Time = 0.013277
Euler1dExplicit: run(): Step 1030 - Time = 0.013406
Euler1dExplicit: run(): Step 1040 - Time = 0.013536
Euler1dExplicit: run(): Step 1050 - Time = 0.013666
Euler1dExplicit: run(): Step 1060 - Time = 0.013796
Euler1dExplicit: run(): Step 1070 - Time = 0.013926
Euler1dExplicit: run(): Step 1080 - Time = 0.014056
Euler1dExplicit: run(): Step 1090 - Time = 0.014186
Euler1dExplicit: run(): Step 1100 - Time = 0.014316
Euler1dExplicit: run(): Step 1110 - Time = 0.014446
Euler1dExplicit: run(): Step 1120 - Time = 0.014576
Euler1dExplicit: run(): Step 1130 - Time = 0.014705
Euler1dExplicit: run(): Step 1140 - Time = 0.014835
Euler1dExplicit: run(): Step 1150 - Time = 0.014965
Euler1dExplicit: run(): Step 1160 - Time = 0.015095
Euler1dExplicit: run(): Step 1170 - Time = 0.015225
Euler1dExplicit: run(): Step 1180 - Time = 0.015355
Euler1dExplicit: run(): Step 1190 - Time = 0.015485
Euler1dExplicit: run(): Step 1200 - Time = 0.015615
Euler1dExplicit: run(): Step 1210 - Time = 0.015745
Euler1dExplicit: run(): Step 1220 - Time = 0.015875
Euler1dExplicit: run(): Step 1230 - Time = 0.016004
Euler1dExplicit: run(): Step 1240 - Time = 0.016134
Euler1dExplicit: run(): Step 1250 - Time = 0.016264
Euler1dExplicit: run(): Step 1260 - Time = 0.016394
Euler1dExplicit: run(): Step 1270 - Time = 0.016524
Euler1dExplicit: run(): Step 1280 - Time = 0.016654
Euler1dExplicit: run(): Step 1290 - Time = 0.016784
Euler1dExplicit: run(): Step 1300 - Time = 0.016914
Euler1dExplicit: run(): Step 1310 - Time = 0.017044
Euler1dExplicit: run(): Step 1320 - Time = 0.017174
Euler1dExplicit: run(): Step 1330 - Time = 0.017303
Euler1dExplicit: run(): Step 1340 - Time = 0.017433
Euler1dExplicit: run(): Step 1350 - Time = 0.017563
Euler1dExplicit: run(): Step 1360 - Time = 0.017693
Euler1dExplicit: run(): Step 1370 - Time = 0.017823
Euler1dExplicit: run(): Step 1380 - Time = 0.017953
Euler1dExplicit: run(): Step 1390 - Time = 0.018083
Euler1dExplicit: run(): Step 1400 - Time = 0.018213
Euler1dExplicit: run(): Step 1410 - Time = 0.018343
Euler1dExplicit: run(): Step 1420 - Time = 0.018473
Euler1dExplicit: run(): Step 1430 - Time = 0.018602
Euler1dExplicit: run(): Step 1440 - Time = 0.018732
Euler1dExplicit: run(): Step 1450 - Time = 0.018862
Euler1dExplicit: run(): Step 1460 - Time = 0.018992
Euler1dExplicit: run(): Step 1470 - Time = 0.019122
Euler1dExplicit: run(): Step 1480 - Time = 0.019252
Euler1dExplicit: run(): Step 1490 - Time = 0.019382
Euler1dExplicit: run(): Step 1500 - Time = 0.019512
Euler1dExplicit: run(): Step 1510 - Time = 0.019642
Euler1dExplicit: run(): Step 1520 - Time = 0.019771
Euler1dExplicit: run(): Step 1530 - Time = 0.019901
Euler1dExplicit: run(): Step 1540 - Time = 0.020031
Euler1dExplicit: run(): Step 1550 - Time = 0.020161
Euler1dExplicit: run(): Step 1560 - Time = 0.020291
Euler1dExplicit: run(): Step 1570 - Time = 0.020421
Euler1dExplicit: run(): Step 1580 - Time = 0.020551
Euler1dExplicit: run(): Step 1590 - Time = 0.020681
Euler1dExplicit: run(): Step 1600 - Time = 0.020811
Euler1dExplicit: run(): Step 1610 - Time = 0.020941
Euler1dExplicit: run(): Step 1620 - Time = 0.021070
Euler1dExplicit: run(): Step 1630 - Time = 0.021200
Euler1dExplicit: run(): Step 1640 - Time = 0.021330
Euler1dExplicit: run(): Step 1650 - Time = 0.021460
Euler1dExplicit: run(): Step 1660 - Time = 0.021590
Euler1dExplicit: run(): Step 1670 - Time = 0.021720
Euler1dExplicit: run(): Step 1680 - Time = 0.021850
Euler1dExplicit: run(): Step 1690 - Time = 0.021980
Euler1dExplicit: run(): Step 1700 - Time = 0.022110
Euler1dExplicit: run(): Step 1710 - Time = 0.022240
Euler1dExplicit: run(): Step 1720 - Time = 0.022369
Euler1dExplicit: run(): Step 1730 - Time = 0.022499
Euler1dExplicit: run(): Step 1740 - Time = 0.022629
Euler1dExplicit: run(): Step 1750 - Time = 0.022759
Euler1dExplicit: run(): Step 1760 - Time = 0.022889
Euler1dExplicit: run(): Step 1770 - Time = 0.023019
Euler1dExplicit: run(): Step 1780 - Time = 0.023149
Euler1dExplicit: run(): Step 1790 - Time = 0.023279
Euler1dExplicit: run(): Step 1800 - Time = 0.023409
Euler1dExplicit: run(): Step 1810 - Time = 0.023539
Euler1dExplicit: run(): Step 1820 - Time = 0.023668
Euler1dExplicit: run(): Step 1830 - Time = 0.023798
Euler1dExplicit: run(): Step 1840 - Time = 0.023928
Euler1dExplicit: run(): Step 1850 - Time = 0.024058
Euler1dExplicit: run(): Step 1860 - Time = 0.024188
Euler1dExplicit: run(): Step 1870 - Time = 0.024318
Euler1dExplicit: run(): Step 1880 - Time = 0.024448
Euler1dExplicit: run(): Step 1890 - Time = 0.024578
Euler1dExplicit: run(): Step 1900 - Time = 0.024708
Euler1dExplicit: run(): Step 1910 - Time = 0.024838
Euler1dExplicit: run(): Step 1920 - Time = 0.024967
Euler1dExplicit: run(): Step 1930 - Time = 0.025097
Euler1dExplicit: run(): Step 1940 - Time = 0.025227
Euler1dExplicit: run(): Step 1950 - Time = 0.025357
Euler1dExplicit: run(): Step 1960 - Time = 0.025487
Euler1dExplicit: run(): Step 1970 - Time = 0.025617
Euler1dExplicit: run(): Step 1980 - Time = 0.025747
Euler1dExplicit: run(): Step 1990 - Time = 0.025877
Euler1dExplicit: run(): Step 2000 - Time = 0.026007
Euler1dExplicit: run(): Step 2010 - Time = 0.026136
Euler1dExplicit: run(): Step 2020 - Time = 0.026266
Euler1dExplicit: run(): Step 2030 - Time = 0.026396
Euler1dExplicit: run(): Step 2040 - Time = 0.026526
Euler1dExplicit: run(): Step 2050 - Time = 0.026656
Euler1dExplicit: run(): Step 2060 - Time = 0.026786
Euler1dExplicit: run(): Step 2070 - Time = 0.026916
Euler1dExplicit: run(): Step 2080 - Time = 0.027046
Euler1dExplicit: run(): Step 2090 - Time = 0.027176
Euler1dExplicit: run(): Step 2100 - Time = 0.027306
Euler1dExplicit: run(): Step 2110 - Time = 0.027435
Euler1dExplicit: run(): Step 2120 - Time = 0.027565
Euler1dExplicit: run(): Step 2130 - Time = 0.027695
Euler1dExplicit: run(): Step 2140 - Time = 0.027825
Euler1dExplicit: run(): Step 2150 - Time = 0.027955
Euler1dExplicit: run(): Step 2160 - Time = 0.028085
Euler1dExplicit: run(): Step 2170 - Time = 0.028215
Euler1dExplicit: run(): Step 2180 - Time = 0.028345
Euler1dExplicit: run(): Step 2190 - Time = 0.028475
Euler1dExplicit: run(): Step 2200 - Time = 0.028605
Euler1dExplicit: run(): Step 2210 - Time = 0.028734
Euler1dExplicit: run(): Step 2220 - Time = 0.028864
Euler1dExplicit: run(): Step 2230 - Time = 0.028994
Euler1dExplicit: run(): Step 2240 - Time = 0.029124
Euler1dExplicit: run(): Step 2250 - Time = 0.029254
Euler1dExplicit: run(): Step 2260 - Time = 0.029384
Euler1dExplicit: run(): Step 2270 - Time = 0.029514
Euler1dExplicit: run(): Step 2280 - Time = 0.029644
Euler1dExplicit: run(): Step 2290 - Time = 0.029774
Euler1dExplicit: run(): Step 2300 - Time = 0.029904
Euler1dExplicit: run(): Step 2310 - Time = 0.030033
Euler1dExplicit: run(): Step 2320 - Time = 0.030163
Euler1dExplicit: run(): Step 2330 - Time = 0.030293
Euler1dExplicit: run(): Step 2340 - Time = 0.030423
Euler1dExplicit: run(): Step 2350 - Time = 0.030553
Euler1dExplicit: run(): Step 2360 - Time = 0.030683
Euler1dExplicit: run(): Step 2370 - Time = 0.030813
Euler1dExplicit: run(): Step 2380 - Time = 0.030943
Euler1dExplicit: run(): Step 2390 - Time = 0.031073
Euler1dExplicit: run(): Step 2400 - Time = 0.031203
Euler1dExplicit: run(): Step 2410 - Time = 0.031332
Euler1dExplicit: run(): Step 2420 - Time = 0.031462
Euler1dExplicit: run(): Step 2430 - Time = 0.031592
Euler1dExplicit: run(): Step 2440 - Time = 0.031722
Euler1dExplicit: run(): Step 2450 - Time = 0.031852
Euler1dExplicit: run(): Step 2460 - Time = 0.031982
Euler1dExplicit: run(): Step 2470 - Time = 0.032112
Euler1dExplicit: run(): Step 2480 - Time = 0.032242
Euler1dExplicit: run(): Step 2490 - Time = 0.032372
Euler1dExplicit: run(): Step 2500 - Time = 0.032501
Euler1dExplicit: run(): Step 2510 - Time = 0.032631
Euler1dExplicit: run(): Step 2520 - Time = 0.032761
Euler1dExplicit: run(): Step 2530 - Time = 0.032891
Euler1dExplicit: run(): Step 2540 - Time = 0.033021
Euler1dExplicit: run(): Step 2550 - Time = 0.033151
Euler1dExplicit: run(): Step 2560 - Time = 0.033281
Euler1dExplicit: run(): Step 2570 - Time = 0.033411
Euler1dExplicit: run(): Step 2580 - Time = 0.033541
Euler1dExplicit: run(): Step 2590 - Time = 0.033671
Euler1dExplicit: run(): Step 2600 - Time = 0.033800
Euler1dExplicit: run(): Step 2610 - Time = 0.033930
Euler1dExplicit: run(): Step 2620 - Time = 0.034060
Euler1dExplicit: run(): Step 2630 - Time = 0.034190
Euler1dExplicit: run(): Step 2640 - Time = 0.034320
Euler1dExplicit: run(): Step 2650 - Time = 0.034450
Euler1dExplicit: run(): Step 2660 - Time = 0.034580
Euler1dExplicit: run(): Step 2670 - Time = 0.034710
Euler1dExplicit: run(): Step 2680 - Time = 0.034840
Euler1dExplicit: run(): Step 2690 - Time = 0.034970
Euler1dExplicit: run(): Step 2700 - Time = 0.035099
Euler1dExplicit: run(): Step 2710 - Time = 0.035229
Euler1dExplicit: run(): Step 2720 - Time = 0.035359
Euler1dExplicit: run(): Step 2730 - Time = 0.035489
Euler1dExplicit: run(): Step 2740 - Time = 0.035619
Euler1dExplicit: run(): Step 2750 - Time = 0.035749
Euler1dExplicit: run(): Step 2760 - Time = 0.035879
Euler1dExplicit: run(): Step 2770 - Time = 0.036009
Euler1dExplicit: run(): Step 2780 - Time = 0.036139
Euler1dExplicit: run(): Step 2790 - Time = 0.036269
Euler1dExplicit: run(): Step 2800 - Time = 0.036398
Euler1dExplicit: run(): Step 2810 - Time = 0.036528
Euler1dExplicit: run(): Step 2820 - Time = 0.036658
Euler1dExplicit: run(): Step 2830 - Time = 0.036788
Euler1dExplicit: run(): Step 2840 - Time = 0.036918
Euler1dExplicit: run(): Step 2850 - Time = 0.037048
Euler1dExplicit: run(): Step 2860 - Time = 0.037178
Euler1dExplicit: run(): Step 2870 - Time = 0.037308
Euler1dExplicit: run(): Step 2880 - Time = 0.037438
Euler1dExplicit: run(): Step 2890 - Time = 0.037568
Euler1dExplicit: run(): Step 2900 - Time = 0.037697
Euler1dExplicit: run(): Step 2910 - Time = 0.037827
Euler1dExplicit: run(): Step 2920 - Time = 0.037957
Euler1dExplicit: run(): Step 2930 - Time = 0.038087
Euler1dExplicit: run(): Step 2940 - Time = 0.038217
Euler1dExplicit: run(): Step 2950 - Time = 0.038347
Euler1dExplicit: run(): Step 2960 - Time = 0.038477
Euler1dExplicit: run(): Step 2970 - Time = 0.038607
Euler1dExplicit: run(): Step 2980 - Time = 0.038737
Euler1dExplicit: run(): Step 2990 - Time = 0.038866
Euler1dExplicit: run(): Step 3000 - Time = 0.038996
Euler1dExplicit: run(): Step 3010 - Time = 0.039126
Euler1dExplicit: run(): Step 3020 - Time = 0.039256
Euler1dExplicit: run(): Step 3030 - Time = 0.039386
Euler1dExplicit: run(): Step 3040 - Time = 0.039516
Euler1dExplicit: run(): Step 3050 - Time = 0.039646
Euler1dExplicit: run(): Step 3060 - Time = 0.039776
Euler1dExplicit: run(): Step 3070 - Time = 0.039906
Euler1dExplicit: run(): Step 3080 - Time = 0.040036
Euler1dExplicit: run(): Step 3090 - Time = 0.040165
Euler1dExplicit: run(): Step 3100 - Time = 0.040295
Euler1dExplicit: run(): Step 3110 - Time = 0.040425
Euler1dExplicit: run(): Step 3120 - Time = 0.040555
Euler1dExplicit: run(): Step 3130 - Time = 0.040685
Euler1dExplicit: run(): Step 3140 - Time = 0.040815
Euler1dExplicit: run(): Step 3150 - Time = 0.040945
Euler1dExplicit: run(): Step 3160 - Time = 0.041075
Euler1dExplicit: run(): Step 3170 - Time = 0.041205
Euler1dExplicit: run(): Step 3180 - Time = 0.041335
Euler1dExplicit: run(): Step 3190 - Time = 0.041464
Euler1dExplicit: run(): Step 3200 - Time = 0.041594
Euler1dExplicit: run(): Step 3210 - Time = 0.041724
Euler1dExplicit: run(): Step 3220 - Time = 0.041854
Euler1dExplicit: run(): Step 3230 - Time = 0.041984
Euler1dExplicit: run(): Step 3240 - Time = 0.042114
Euler1dExplicit: run(): Step 3250 - Time = 0.042244
Euler1dExplicit: run(): Step 3260 - Time = 0.042374
Euler1dExplicit: run(): Step 3270 - Time = 0.042504
Euler1dExplicit: run(): Step 3280 - Time = 0.042634
Euler1dExplicit: run(): Step 3290 - Time = 0.042763
Euler1dExplicit: run(): Step 3300 - Time = 0.042893
Euler1dExplicit: run(): Step 3310 - Time = 0.043023
Euler1dExplicit: run(): Step 3320 - Time = 0.043153
Euler1dExplicit: run(): Step 3330 - Time = 0.043283
Euler1dExplicit: run(): Step 3340 - Time = 0.043413
Euler1dExplicit: run(): Step 3350 - Time = 0.043543
Euler1dExplicit: run(): Step 3360 - Time = 0.043673
Euler1dExplicit: run(): Step 3370 - Time = 0.043803
Euler1dExplicit: run(): Step 3380 - Time = 0.043933
Euler1dExplicit: run(): Step 3390 - Time = 0.044062
Euler1dExplicit: run(): Step 3400 - Time = 0.044192
Euler1dExplicit: run(): Step 3410 - Time = 0.044322
Euler1dExplicit: run(): Step 3420 - Time = 0.044452
Euler1dExplicit: run(): Step 3430 - Time = 0.044582
Euler1dExplicit: run(): Step 3440 - Time = 0.044712
Euler1dExplicit: run(): Step 3450 - Time = 0.044842
Euler1dExplicit: run(): Step 3460 - Time = 0.044972
Euler1dExplicit: run(): Step 3470 - Time = 0.045102
Euler1dExplicit: run(): Step 3480 - Time = 0.045231
Euler1dExplicit: run(): Step 3490 - Time = 0.045361
Euler1dExplicit: run(): Step 3500 - Time = 0.045491
Euler1dExplicit: run(): Step 3510 - Time = 0.045621
Euler1dExplicit: run(): Step 3520 - Time = 0.045751
Euler1dExplicit: run(): Step 3530 - Time = 0.045881
Euler1dExplicit: run(): Step 3540 - Time = 0.046011
Euler1dExplicit: run(): Step 3550 - Time = 0.046141
Euler1dExplicit: run(): Step 3560 - Time = 0.046271
Euler1dExplicit: run(): Step 3570 - Time = 0.046401
Euler1dExplicit: run(): Step 3580 - Time = 0.046530
Euler1dExplicit: run(): Step 3590 - Time = 0.046660
Euler1dExplicit: run(): Step 3600 - Time = 0.046790
Euler1dExplicit: run(): Step 3610 - Time = 0.046920
Euler1dExplicit: run(): Step 3620 - Time = 0.047050
Euler1dExplicit: run(): Step 3630 - Time = 0.047180
Euler1dExplicit: run(): Step 3640 - Time = 0.047310
Euler1dExplicit: run(): Step 3650 - Time = 0.047440
Euler1dExplicit: run(): Step 3660 - Time = 0.047570
Euler1dExplicit: run(): Step 3670 - Time = 0.047700
Euler1dExplicit: run(): Step 3680 - Time = 0.047829
Euler1dExplicit: run(): Step 3690 - Time = 0.047959
Euler1dExplicit: run(): Step 3700 - Time = 0.048089
Euler1dExplicit: run(): Step 3710 - Time = 0.048219
Euler1dExplicit: run(): Step 3720 - Time = 0.048349
Euler1dExplicit: run(): Step 3730 - Time = 0.048479
Euler1dExplicit: run(): Step 3740 - Time = 0.048609
Euler1dExplicit: run(): Step 3750 - Time = 0.048739
Euler1dExplicit: run(): Step 3760 - Time = 0.048869
Euler1dExplicit: run(): Step 3770 - Time = 0.048999
Euler1dExplicit: run(): Step 3780 - Time = 0.049128
Euler1dExplicit: run(): Step 3790 - Time = 0.049258
Euler1dExplicit: run(): Step 3800 - Time = 0.049388
Euler1dExplicit: run(): Step 3810 - Time = 0.049518
Euler1dExplicit: run(): Step 3820 - Time = 0.049648
Euler1dExplicit: run(): Step 3830 - Time = 0.049778
Euler1dExplicit: run(): Step 3840 - Time = 0.049908
Euler1dExplicit: run(): Step 3850 - Time = 0.050038
Euler1dExplicit: run(): Step 3860 - Time = 0.050168
Euler1dExplicit: run(): Step 3870 - Time = 0.050298
Euler1dExplicit: run(): Step 3880 - Time = 0.050427
Euler1dExplicit: run(): Step 3890 - Time = 0.050557
Euler1dExplicit: run(): Step 3900 - Time = 0.050687
Euler1dExplicit: run(): Step 3910 - Time = 0.050817
Euler1dExplicit: run(): Step 3920 - Time = 0.050947
Euler1dExplicit: run(): Step 3930 - Time = 0.051077
Euler1dExplicit: run(): Step 3940 - Time = 0.051207
Euler1dExplicit: run(): Step 3950 - Time = 0.051337
Euler1dExplicit: run(): Step 3960 - Time = 0.051467
Euler1dExplicit: run(): Step 3970 - Time = 0.051596
Euler1dExplicit: run(): Step 3980 - Time = 0.051726
Euler1dExplicit: run(): Step 3990 - Time = 0.051856
Euler1dExplicit: run(): Step 4000 - Time = 0.051986
Euler1dExplicit: run(): Step 4010 - Time = 0.052116
Euler1dExplicit: run(): Step 4020 - Time = 0.052246
Euler1dExplicit: run(): Step 4030 - Time = 0.052376
Euler1dExplicit: run(): Step 4040 - Time = 0.052506
Euler1dExplicit: run(): Step 4050 - Time = 0.052636
Euler1dExplicit: run(): Step 4060 - Time = 0.052766
Euler1dExplicit: run(): Step 4070 - Time = 0.052895
Euler1dExplicit: run(): Step 4080 - Time = 0.053025
Euler1dExplicit: run(): Step 4090 - Time = 0.053155
Euler1dExplicit: run(): Step 4100 - Time = 0.053285
Euler1dExplicit: run(): Step 4110 - Time = 0.053415
Euler1dExplicit: run(): Step 4120 - Time = 0.053545
Euler1dExplicit: run(): Step 4130 - Time = 0.053675
Euler1dExplicit: run(): Step 4140 - Time = 0.053805
Euler1dExplicit: run(): Step 4150 - Time = 0.053935
Euler1dExplicit: run(): Step 4160 - Time = 0.054065
Euler1dExplicit: run(): Step 4170 - Time = 0.054194
Euler1dExplicit: run(): Step 4180 - Time = 0.054324
Euler1dExplicit: run(): Step 4190 - Time = 0.054454
Euler1dExplicit: run(): Step 4200 - Time = 0.054584
Euler1dExplicit: run(): Step 4210 - Time = 0.054714
Euler1dExplicit: run(): Step 4220 - Time = 0.054844
Euler1dExplicit: run(): Step 4230 - Time = 0.054974
Euler1dExplicit: run(): Step 4240 - Time = 0.055104
Euler1dExplicit: run(): Step 4250 - Time = 0.055234
Euler1dExplicit: run(): Step 4260 - Time = 0.055364
Euler1dExplicit: run(): Step 4270 - Time = 0.055493
Euler1dExplicit: run(): Step 4280 - Time = 0.055623
Euler1dExplicit: run(): Step 4290 - Time = 0.055753
Euler1dExplicit: run(): Step 4300 - Time = 0.055883
Euler1dExplicit: run(): Step 4310 - Time = 0.056013
Euler1dExplicit: run(): Step 4320 - Time = 0.056143
Euler1dExplicit: run(): Step 4330 - Time = 0.056273
Euler1dExplicit: run(): Step 4340 - Time = 0.056403
Euler1dExplicit: run(): Step 4350 - Time = 0.056533
Euler1dExplicit: run(): Step 4360 - Time = 0.056663
Euler1dExplicit: run(): Step 4370 - Time = 0.056792
Euler1dExplicit: run(): Step 4380 - Time = 0.056922
Euler1dExplicit: run(): Step 4390 - Time = 0.057052
Euler1dExplicit: run(): Step 4400 - Time = 0.057182
Euler1dExplicit: run(): Step 4410 - Time = 0.057312
Euler1dExplicit: run(): Step 4420 - Time = 0.057442
Euler1dExplicit: run(): Step 4430 - Time = 0.057572
Euler1dExplicit: run(): Step 4440 - Time = 0.057702
Euler1dExplicit: run(): Step 4450 - Time = 0.057832
Euler1dExplicit: run(): Step 4460 - Time = 0.057961
Euler1dExplicit: run(): Step 4470 - Time = 0.058091
Euler1dExplicit: run(): Step 4480 - Time = 0.058221
Euler1dExplicit: run(): Step 4490 - Time = 0.058351
Euler1dExplicit: run(): Step 4500 - Time = 0.058481
Euler1dExplicit: run(): Step 4510 - Time = 0.058611
Euler1dExplicit: run(): Step 4520 - Time = 0.058741
Euler1dExplicit: run(): Step 4530 - Time = 0.058871
Euler1dExplicit: run(): Step 4540 - Time = 0.059001
Euler1dExplicit: run(): Step 4550 - Time = 0.059131
Euler1dExplicit: run(): Step 4560 - Time = 0.059260
Euler1dExplicit: run(): Step 4570 - Time = 0.059390
Euler1dExplicit: run(): Step 4580 - Time = 0.059520
Euler1dExplicit: run(): Step 4590 - Time = 0.059650
Euler1dExplicit: run(): Step 4600 - Time = 0.059780
Euler1dExplicit: run(): Step 4610 - Time = 0.059910
Euler1dExplicit: run(): Step 4620 - Time = 0.060040
Euler1dExplicit: run(): Step 4630 - Time = 0.060170
Euler1dExplicit: run(): Step 4640 - Time = 0.060300
Euler1dExplicit: run(): Step 4650 - Time = 0.060430
Euler1dExplicit: run(): Step 4660 - Time = 0.060559
Euler1dExplicit: run(): Step 4670 - Time = 0.060689
Euler1dExplicit: run(): Step 4680 - Time = 0.060819
Euler1dExplicit: run(): Step 4690 - Time = 0.060949
Euler1dExplicit: run(): Step 4700 - Time = 0.061079
Euler1dExplicit: run(): Step 4710 - Time = 0.061209
Euler1dExplicit: run(): Step 4720 - Time = 0.061339
Euler1dExplicit: run(): Step 4730 - Time = 0.061469
Euler1dExplicit: run(): Step 4740 - Time = 0.061599
Euler1dExplicit: run(): Step 4750 - Time = 0.061729
Euler1dExplicit: run(): Step 4760 - Time = 0.061858
Euler1dExplicit: run(): Step 4770 - Time = 0.061988
Euler1dExplicit: run(): Step 4780 - Time = 0.062118
Euler1dExplicit: run(): Step 4790 - Time = 0.062248
Euler1dExplicit: run(): Step 4800 - Time = 0.062378
Euler1dExplicit: run(): Step 4810 - Time = 0.062508
Euler1dExplicit: run(): Step 4820 - Time = 0.062638
Euler1dExplicit: run(): Step 4830 - Time = 0.062768
Euler1dExplicit: run(): Step 4840 - Time = 0.062898
Euler1dExplicit: run(): Step 4850 - Time = 0.063028
Euler1dExplicit: run(): Step 4860 - Time = 0.063157
Euler1dExplicit: run(): Step 4870 - Time = 0.063287
Euler1dExplicit: run(): Step 4880 - Time = 0.063417
Euler1dExplicit: run(): Step 4890 - Time = 0.063547
Euler1dExplicit: run(): Step 4900 - Time = 0.063677
Euler1dExplicit: run(): Step 4910 - Time = 0.063807
Euler1dExplicit: run(): Step 4920 - Time = 0.063937
Euler1dExplicit: run(): Step 4930 - Time = 0.064067
Euler1dExplicit: run(): Step 4940 - Time = 0.064197
Euler1dExplicit: run(): Step 4950 - Time = 0.064326
Euler1dExplicit: run(): Step 4960 - Time = 0.064456
Euler1dExplicit: run(): Step 4970 - Time = 0.064586
Euler1dExplicit: run(): Step 4980 - Time = 0.064716
Euler1dExplicit: run(): Step 4990 - Time = 0.064846
Euler1dExplicit: run(): Step 5000 - Time = 0.064976
Euler1dExplicit: run(): Step 5010 - Time = 0.065106
Euler1dExplicit: run(): Step 5020 - Time = 0.065236
Euler1dExplicit: run(): Step 5030 - Time = 0.065366
Euler1dExplicit: run(): Step 5040 - Time = 0.065496
Euler1dExplicit: run(): Step 5050 - Time = 0.065625
Euler1dExplicit: run(): Step 5060 - Time = 0.065755
Euler1dExplicit: run(): Step 5070 - Time = 0.065885
Euler1dExplicit: run(): Step 5080 - Time = 0.066015
Euler1dExplicit: run(): Step 5090 - Time = 0.066145
Euler1dExplicit: run(): Step 5100 - Time = 0.066275
Euler1dExplicit: run(): Step 5110 - Time = 0.066405
Euler1dExplicit: run(): Step 5120 - Time = 0.066535
Euler1dExplicit: run(): Step 5130 - Time = 0.066665
Euler1dExplicit: run(): Step 5140 - Time = 0.066795
Euler1dExplicit: run(): Step 5150 - Time = 0.066924
Euler1dExplicit: run(): Step 5160 - Time = 0.067054
Euler1dExplicit: run(): Step 5170 - Time = 0.067184
Euler1dExplicit: run(): Step 5180 - Time = 0.067314
Euler1dExplicit: run(): Step 5190 - Time = 0.067444
Euler1dExplicit: run(): Step 5200 - Time = 0.067574
Euler1dExplicit: run(): Step 5210 - Time = 0.067704
Euler1dExplicit: run(): Step 5220 - Time = 0.067834
Euler1dExplicit: run(): Step 5230 - Time = 0.067964
Euler1dExplicit: run(): Step 5240 - Time = 0.068094
Euler1dExplicit: run(): Step 5250 - Time = 0.068223
Euler1dExplicit: run(): Step 5260 - Time = 0.068353
Euler1dExplicit: run(): Step 5270 - Time = 0.068483
Euler1dExplicit: run(): Step 5280 - Time = 0.068613
Euler1dExplicit: run(): Step 5290 - Time = 0.068743
Euler1dExplicit: run(): Step 5300 - Time = 0.068873
Euler1dExplicit: run(): Step 5310 - Time = 0.069003
Euler1dExplicit: run(): Step 5320 - Time = 0.069133
Euler1dExplicit: run(): Step 5330 - Time = 0.069263
Euler1dExplicit: run(): Step 5340 - Time = 0.069393
Euler1dExplicit: run(): Step 5350 - Time = 0.069522
Euler1dExplicit: run(): Step 5360 - Time = 0.069652
Euler1dExplicit: run(): Step 5370 - Time = 0.069782
Euler1dExplicit: run(): Step 5380 - Time = 0.069912
Euler1dExplicit: run(): Step 5390 - Time = 0.070042
Euler1dExplicit: run(): Step 5400 - Time = 0.070172
Euler1dExplicit: run(): Step 5410 - Time = 0.070302
Euler1dExplicit: run(): Step 5420 - Time = 0.070432
Euler1dExplicit: run(): Step 5430 - Time = 0.070562
Euler1dExplicit: run(): Step 5440 - Time = 0.070691
Euler1dExplicit: run(): Step 5450 - Time = 0.070821
Euler1dExplicit: run(): Step 5460 - Time = 0.070951
Euler1dExplicit: run(): Step 5470 - Time = 0.071081
Euler1dExplicit: run(): Step 5480 - Time = 0.071211
Euler1dExplicit: run(): Step 5490 - Time = 0.071341
Euler1dExplicit: run(): Step 5500 - Time = 0.071471
Euler1dExplicit: run(): Step 5510 - Time = 0.071601
Euler1dExplicit: run(): Step 5520 - Time = 0.071731
Euler1dExplicit: run(): Step 5530 - Time = 0.071861
Euler1dExplicit: run(): Step 5540 - Time = 0.071990
Euler1dExplicit: run(): Step 5550 - Time = 0.072120
Euler1dExplicit: run(): Step 5560 - Time = 0.072250
Euler1dExplicit: run(): Step 5570 - Time = 0.072380
Euler1dExplicit: run(): Step 5580 - Time = 0.072510
Euler1dExplicit: run(): Step 5590 - Time = 0.072640
Euler1dExplicit: run(): Step 5600 - Time = 0.072770
Euler1dExplicit: run(): Step 5610 - Time = 0.072900
Euler1dExplicit: run(): Step 5620 - Time = 0.073030
Euler1dExplicit: run(): Step 5630 - Time = 0.073160
Euler1dExplicit: run(): Step 5640 - Time = 0.073289
Euler1dExplicit: run(): Step 5650 - Time = 0.073419
Euler1dExplicit: run(): Step 5660 - Time = 0.073549
Euler1dExplicit: run(): Step 5670 - Time = 0.073679
Euler1dExplicit: run(): Step 5680 - Time = 0.073809
Euler1dExplicit: run(): Step 5690 - Time = 0.073939
Euler1dExplicit: run(): Step 5700 - Time = 0.074069
Euler1dExplicit: run(): Step 5710 - Time = 0.074199
Euler1dExplicit: run(): Step 5720 - Time = 0.074329
Euler1dExplicit: run(): Step 5730 - Time = 0.074459
Euler1dExplicit: run(): Step 5740 - Time = 0.074588
Euler1dExplicit: run(): Step 5750 - Time = 0.074718
Euler1dExplicit: run(): Step 5760 - Time = 0.074848
Euler1dExplicit: run(): Step 5770 - Time = 0.074978
Euler1dExplicit: run(): Step 5780 - Time = 0.075108
Euler1dExplicit: run(): Step 5790 - Time = 0.075238
Euler1dExplicit: run(): Step 5800 - Time = 0.075368
Euler1dExplicit: run(): Step 5810 - Time = 0.075498
Euler1dExplicit: run(): Step 5820 - Time = 0.075628
Euler1dExplicit: run(): Step 5830 - Time = 0.075758
Euler1dExplicit: run(): Step 5840 - Time = 0.075887
Euler1dExplicit: run(): Step 5850 - Time = 0.076017
Euler1dExplicit: run(): Step 5860 - Time = 0.076147
Euler1dExplicit: run(): Step 5870 - Time = 0.076277
Euler1dExplicit: run(): Step 5880 - Time = 0.076407
Euler1dExplicit: run(): Step 5890 - Time = 0.076537
Euler1dExplicit: run(): Step 5900 - Time = 0.076667
Euler1dExplicit: run(): Step 5910 - Time = 0.076797
Euler1dExplicit: run(): Step 5920 - Time = 0.076927
Euler1dExplicit: run(): Step 5930 - Time = 0.077056
Euler1dExplicit: run(): Step 5940 - Time = 0.077186
Euler1dExplicit: run(): Step 5950 - Time = 0.077316
Euler1dExplicit: run(): Step 5960 - Time = 0.077446
Euler1dExplicit: run(): Step 5970 - Time = 0.077576
Euler1dExplicit: run(): Step 5980 - Time = 0.077706
Euler1dExplicit: run(): Step 5990 - Time = 0.077836
Euler1dExplicit: run(): Step 6000 - Time = 0.077966
Euler1dExplicit: run(): Step 6010 - Time = 0.078096
Euler1dExplicit: run(): Step 6020 - Time = 0.078226
Euler1dExplicit: run(): Step 6030 - Time = 0.078355
Euler1dExplicit: run(): Step 6040 - Time = 0.078485
Euler1dExplicit: run(): Step 6050 - Time = 0.078615
Euler1dExplicit: run(): Step 6060 - Time = 0.078745
Euler1dExplicit: run(): Step 6070 - Time = 0.078875
Euler1dExplicit: run(): Step 6080 - Time = 0.079005
Euler1dExplicit: run(): Step 6090 - Time = 0.079135
Euler1dExplicit: run(): Step 6100 - Time = 0.079265
Euler1dExplicit: run(): Step 6110 - Time = 0.079395
Euler1dExplicit: run(): Step 6120 - Time = 0.079525
Euler1dExplicit: run(): Step 6130 - Time = 0.079654
Euler1dExplicit: run(): Step 6140 - Time = 0.079784
Euler1dExplicit: run(): Step 6150 - Time = 0.079914
Euler1dExplicit: run(): Step 6160 - Time = 0.080044
Euler1dExplicit: run(): Step 6170 - Time = 0.080174
Euler1dExplicit: run(): Step 6180 - Time = 0.080304
Euler1dExplicit: run(): Step 6190 - Time = 0.080434
Euler1dExplicit: run(): Step 6200 - Time = 0.080564
Euler1dExplicit: run(): Step 6210 - Time = 0.080694
Euler1dExplicit: run(): Step 6220 - Time = 0.080824
Euler1dExplicit: run(): Step 6230 - Time = 0.080953
Euler1dExplicit: run(): Step 6240 - Time = 0.081083
Euler1dExplicit: run(): Step 6250 - Time = 0.081213
Euler1dExplicit: run(): Step 6260 - Time = 0.081343
Euler1dExplicit: run(): Step 6270 - Time = 0.081473
Euler1dExplicit: run(): Step 6280 - Time = 0.081603
Euler1dExplicit: run(): Step 6290 - Time = 0.081733
Euler1dExplicit: run(): Step 6300 - Time = 0.081863
Euler1dExplicit: run(): Step 6310 - Time = 0.081993
Euler1dExplicit: run(): Step 6320 - Time = 0.082123
Euler1dExplicit: run(): Step 6330 - Time = 0.082252
Euler1dExplicit: run(): Step 6340 - Time = 0.082382
Euler1dExplicit: run(): Step 6350 - Time = 0.082512
Euler1dExplicit: run(): Step 6360 - Time = 0.082642
Euler1dExplicit: run(): Step 6370 - Time = 0.082772
Euler1dExplicit: run(): Step 6380 - Time = 0.082902
Euler1dExplicit: run(): Step 6390 - Time = 0.083032
Euler1dExplicit: run(): Step 6400 - Time = 0.083162
Euler1dExplicit: run(): Step 6410 - Time = 0.083292
Euler1dExplicit: run(): Step 6420 - Time = 0.083421
Euler1dExplicit: run(): Step 6430 - Time = 0.083551
Euler1dExplicit: run(): Step 6440 - Time = 0.083681
Euler1dExplicit: run(): Step 6450 - Time = 0.083811
Euler1dExplicit: run(): Step 6460 - Time = 0.083941
Euler1dExplicit: run(): Step 6470 - Time = 0.084071
Euler1dExplicit: run(): Step 6480 - Time = 0.084201
Euler1dExplicit: run(): Step 6490 - Time = 0.084331
Euler1dExplicit: run(): Step 6500 - Time = 0.084461
Euler1dExplicit: run(): Step 6510 - Time = 0.084591
Euler1dExplicit: run(): Step 6520 - Time = 0.084720
Euler1dExplicit: run(): Step 6530 - Time = 0.084850
Euler1dExplicit: run(): Step 6540 - Time = 0.084980
Euler1dExplicit: run(): Step 6550 - Time = 0.085110
Euler1dExplicit: run(): Step 6560 - Time = 0.085240
Euler1dExplicit: run(): Step 6570 - Time = 0.085370
Euler1dExplicit: run(): Step 6580 - Time = 0.085500
Euler1dExplicit: run(): Step 6590 - Time = 0.085630
Euler1dExplicit: run(): Step 6600 - Time = 0.085760
Euler1dExplicit: run(): Step 6610 - Time = 0.085890
Euler1dExplicit: run(): Step 6620 - Time = 0.086019
Euler1dExplicit: run(): Step 6630 - Time = 0.086149
Euler1dExplicit: run(): Step 6640 - Time = 0.086279
Euler1dExplicit: run(): Step 6650 - Time = 0.086409
Euler1dExplicit: run(): Step 6660 - Time = 0.086539
Euler1dExplicit: run(): Step 6670 - Time = 0.086669
Euler1dExplicit: run(): Step 6680 - Time = 0.086799
Euler1dExplicit: run(): Step 6690 - Time = 0.086929
Euler1dExplicit: run(): Step 6700 - Time = 0.087059
Euler1dExplicit: run(): Step 6710 - Time = 0.087189
Euler1dExplicit: run(): Step 6720 - Time = 0.087318
Euler1dExplicit: run(): Step 6730 - Time = 0.087448
Euler1dExplicit: run(): Step 6740 - Time = 0.087578
Euler1dExplicit: run(): Step 6750 - Time = 0.087708
Euler1dExplicit: run(): Step 6760 - Time = 0.087838
Euler1dExplicit: run(): Step 6770 - Time = 0.087968
Euler1dExplicit: run(): Step 6780 - Time = 0.088098
Euler1dExplicit: run(): Step 6790 - Time = 0.088228
Euler1dExplicit: run(): Step 6800 - Time = 0.088358
Euler1dExplicit: run(): Step 6810 - Time = 0.088488
Euler1dExplicit: run(): Step 6820 - Time = 0.088617
Euler1dExplicit: run(): Step 6830 - Time = 0.088747
Euler1dExplicit: run(): Step 6840 - Time = 0.088877
Euler1dExplicit: run(): Step 6850 - Time = 0.089007
Euler1dExplicit: run(): Step 6860 - Time = 0.089137
Euler1dExplicit: run(): Step 6870 - Time = 0.089267
Euler1dExplicit: run(): Step 6880 - Time = 0.089397
Euler1dExplicit: run(): Step 6890 - Time = 0.089527
Euler1dExplicit: run(): Step 6900 - Time = 0.089657
Euler1dExplicit: run(): Step 6910 - Time = 0.089786
Euler1dExplicit: run(): Step 6920 - Time = 0.089916
Euler1dExplicit: run(): Step 6930 - Time = 0.090046
Euler1dExplicit: run(): Step 6940 - Time = 0.090176
Euler1dExplicit: run(): Step 6950 - Time = 0.090306
Euler1dExplicit: run(): Step 6960 - Time = 0.090436
Euler1dExplicit: run(): Step 6970 - Time = 0.090566
Euler1dExplicit: run(): Step 6980 - Time = 0.090696
Euler1dExplicit: run(): Step 6990 - Time = 0.090826
Euler1dExplicit: run(): Step 7000 - Time = 0.090956
Euler1dExplicit: run(): Step 7010 - Time = 0.091085
Euler1dExplicit: run(): Step 7020 - Time = 0.091215
Euler1dExplicit: run(): Step 7030 - Time = 0.091345
Euler1dExplicit: run(): Step 7040 - Time = 0.091475
Euler1dExplicit: run(): Step 7050 - Time = 0.091605
Euler1dExplicit: run(): Step 7060 - Time = 0.091735
Euler1dExplicit: run(): Step 7070 - Time = 0.091865
Euler1dExplicit: run(): Step 7080 - Time = 0.091995
Euler1dExplicit: run(): Step 7090 - Time = 0.092125
Euler1dExplicit: run(): Step 7100 - Time = 0.092255
Euler1dExplicit: run(): Step 7110 - Time = 0.092384
Euler1dExplicit: run(): Step 7120 - Time = 0.092514
Euler1dExplicit: run(): Step 7130 - Time = 0.092644
Euler1dExplicit: run(): Step 7140 - Time = 0.092774
Euler1dExplicit: run(): Step 7150 - Time = 0.092904
Euler1dExplicit: run(): Step 7160 - Time = 0.093034
Euler1dExplicit: run(): Step 7170 - Time = 0.093164
Euler1dExplicit: run(): Step 7180 - Time = 0.093294
Euler1dExplicit: run(): Step 7190 - Time = 0.093424
Euler1dExplicit: run(): Step 7200 - Time = 0.093554
Euler1dExplicit: run(): Step 7210 - Time = 0.093683
Euler1dExplicit: run(): Step 7220 - Time = 0.093813
Euler1dExplicit: run(): Step 7230 - Time = 0.093943
Euler1dExplicit: run(): Step 7240 - Time = 0.094073
Euler1dExplicit: run(): Step 7250 - Time = 0.094203
Euler1dExplicit: run(): Step 7260 - Time = 0.094333
Euler1dExplicit: run(): Step 7270 - Time = 0.094463
Euler1dExplicit: run(): Step 7280 - Time = 0.094593
Euler1dExplicit: run(): Step 7290 - Time = 0.094723
Euler1dExplicit: run(): Step 7300 - Time = 0.094853
Euler1dExplicit: run(): Step 7310 - Time = 0.094982
Euler1dExplicit: run(): Step 7320 - Time = 0.095112
Euler1dExplicit: run(): Step 7330 - Time = 0.095242
Euler1dExplicit: run(): Step 7340 - Time = 0.095372
Euler1dExplicit: run(): Step 7350 - Time = 0.095502
Euler1dExplicit: run(): Step 7360 - Time = 0.095632
Euler1dExplicit: run(): Step 7370 - Time = 0.095762
Euler1dExplicit: run(): Step 7380 - Time = 0.095892
Euler1dExplicit: run(): Step 7390 - Time = 0.096022
Euler1dExplicit: run(): Step 7400 - Time = 0.096151
Euler1dExplicit: run(): Step 7410 - Time = 0.096281
Euler1dExplicit: run(): Step 7420 - Time = 0.096411
Euler1dExplicit: run(): Step 7430 - Time = 0.096541
Euler1dExplicit: run(): Step 7440 - Time = 0.096671
Euler1dExplicit: run(): Step 7450 - Time = 0.096801
Euler1dExplicit: run(): Step 7460 - Time = 0.096931
Euler1dExplicit: run(): Step 7470 - Time = 0.097061
Euler1dExplicit: run(): Step 7480 - Time = 0.097191
Euler1dExplicit: run(): Step 7490 - Time = 0.097321
Euler1dExplicit: run(): Step 7500 - Time = 0.097450
Euler1dExplicit: run(): Step 7510 - Time = 0.097580
Euler1dExplicit: run(): Step 7520 - Time = 0.097710
Euler1dExplicit: run(): Step 7530 - Time = 0.097840
Euler1dExplicit: run(): Step 7540 - Time = 0.097970
Euler1dExplicit: run(): Step 7550 - Time = 0.098100
Euler1dExplicit: run(): Step 7560 - Time = 0.098230
Euler1dExplicit: run(): Step 7570 - Time = 0.098360
Euler1dExplicit: run(): Step 7580 - Time = 0.098490
Euler1dExplicit: run(): Step 7590 - Time = 0.098620
Euler1dExplicit: run(): Step 7600 - Time = 0.098749
Euler1dExplicit: run(): Step 7610 - Time = 0.098879
Euler1dExplicit: run(): Step 7620 - Time = 0.099009
Euler1dExplicit: run(): Step 7630 - Time = 0.099139
Euler1dExplicit: run(): Step 7640 - Time = 0.099269
Euler1dExplicit: run(): Step 7650 - Time = 0.099399
Euler1dExplicit: run(): Step 7660 - Time = 0.099529
Euler1dExplicit: run(): Step 7670 - Time = 0.099659
Euler1dExplicit: run(): Step 7680 - Time = 0.099789
Euler1dExplicit: run(): Step 7690 - Time = 0.099919
Euler1dExplicit: run(): Step 7700 - Time = 0.100048
Euler1dExplicit: run(): Step 7710 - Time = 0.100178
Euler1dExplicit: run(): Step 7720 - Time = 0.100308
Euler1dExplicit: run(): Step 7730 - Time = 0.100438
Euler1dExplicit: run(): Step 7740 - Time = 0.100568
Euler1dExplicit: run(): Step 7750 - Time = 0.100698
Euler1dExplicit: run(): Step 7760 - Time = 0.100828
Euler1dExplicit: run(): Step 7770 - Time = 0.100958
Euler1dExplicit: run(): Step 7780 - Time = 0.101088
Euler1dExplicit: run(): Step 7790 - Time = 0.101218
Euler1dExplicit: run(): Step 7800 - Time = 0.101347
Euler1dExplicit: run(): Step 7810 - Time = 0.101477
Euler1dExplicit: run(): Step 7820 - Time = 0.101607
Euler1dExplicit: run(): Step 7830 - Time = 0.101737
Euler1dExplicit: run(): Step 7840 - Time = 0.101867
Euler1dExplicit: run(): Step 7850 - Time = 0.101997
Euler1dExplicit: run(): Step 7860 - Time = 0.102127
Euler1dExplicit: run(): Step 7870 - Time = 0.102257
Euler1dExplicit: run(): Step 7880 - Time = 0.102387
Euler1dExplicit: run(): Step 7890 - Time = 0.102516
Euler1dExplicit: run(): Step 7900 - Time = 0.102646
Euler1dExplicit: run(): Step 7910 - Time = 0.102776
Euler1dExplicit: run(): Step 7920 - Time = 0.102906
Euler1dExplicit: run(): Step 7930 - Time = 0.103036
Euler1dExplicit: run(): Step 7940 - Time = 0.103166
Euler1dExplicit: run(): Step 7950 - Time = 0.103296
Euler1dExplicit: run(): Step 7960 - Time = 0.103426
Euler1dExplicit: run(): Step 7970 - Time = 0.103556
Euler1dExplicit: run(): Step 7980 - Time = 0.103686
Euler1dExplicit: run(): Step 7990 - Time = 0.103815
Euler1dExplicit: run(): Step 8000 - Time = 0.103945
Euler1dExplicit: run(): Step 8010 - Time = 0.104075
Euler1dExplicit: run(): Step 8020 - Time = 0.104205
Euler1dExplicit: run(): Step 8030 - Time = 0.104335
Euler1dExplicit: run(): Step 8040 - Time = 0.104465
Euler1dExplicit: run(): Step 8050 - Time = 0.104595
Euler1dExplicit: run(): Step 8060 - Time = 0.104725
Euler1dExplicit: run(): Step 8070 - Time = 0.104855
Euler1dExplicit: run(): Step 8080 - Time = 0.104985
Euler1dExplicit: run(): Step 8090 - Time = 0.105114
Euler1dExplicit: run(): Step 8100 - Time = 0.105244
Euler1dExplicit: run(): Step 8110 - Time = 0.105374
Euler1dExplicit: run(): Step 8120 - Time = 0.105504
Euler1dExplicit: run(): Step 8130 - Time = 0.105634
Euler1dExplicit: run(): Step 8140 - Time = 0.105764
Euler1dExplicit: run(): Step 8150 - Time = 0.105894
Euler1dExplicit: run(): Step 8160 - Time = 0.106024
Euler1dExplicit: run(): Step 8170 - Time = 0.106154
Euler1dExplicit: run(): Step 8180 - Time = 0.106284
Euler1dExplicit: run(): Step 8190 - Time = 0.106413
Euler1dExplicit: run(): Step 8200 - Time = 0.106543
Euler1dExplicit: run(): Step 8210 - Time = 0.106673
Euler1dExplicit: run(): Step 8220 - Time = 0.106803
Euler1dExplicit: run(): Step 8230 - Time = 0.106933
Euler1dExplicit: run(): Step 8240 - Time = 0.107063
Euler1dExplicit: run(): Step 8250 - Time = 0.107193
Euler1dExplicit: run(): Step 8260 - Time = 0.107323
Euler1dExplicit: run(): Step 8270 - Time = 0.107453
Euler1dExplicit: run(): Step 8280 - Time = 0.107583
Euler1dExplicit: run(): Step 8290 - Time = 0.107712
Euler1dExplicit: run(): Step 8300 - Time = 0.107842
Euler1dExplicit: run(): Step 8310 - Time = 0.107972
Euler1dExplicit: run(): Step 8320 - Time = 0.108102
Euler1dExplicit: run(): Step 8330 - Time = 0.108232
Euler1dExplicit: run(): Step 8340 - Time = 0.108362
Euler1dExplicit: run(): Step 8350 - Time = 0.108492
Euler1dExplicit: run(): Step 8360 - Time = 0.108622
Euler1dExplicit: run(): Step 8370 - Time = 0.108752
Euler1dExplicit: run(): Step 8380 - Time = 0.108881
Euler1dExplicit: run(): Step 8390 - Time = 0.109011
Euler1dExplicit: run(): Step 8400 - Time = 0.109141
Euler1dExplicit: run(): Step 8410 - Time = 0.109271
Euler1dExplicit: run(): Step 8420 - Time = 0.109401
Euler1dExplicit: run(): Step 8430 - Time = 0.109531
Euler1dExplicit: run(): Step 8440 - Time = 0.109661
Euler1dExplicit: run(): Step 8450 - Time = 0.109791
Euler1dExplicit: run(): Step 8460 - Time = 0.109921
Euler1dExplicit: run(): Step 8470 - Time = 0.110051
Euler1dExplicit: run(): Step 8480 - Time = 0.110180
Euler1dExplicit: run(): Step 8490 - Time = 0.110310
Euler1dExplicit: run(): Step 8500 - Time = 0.110440
Euler1dExplicit: run(): Step 8510 - Time = 0.110570
Euler1dExplicit: run(): Step 8520 - Time = 0.110700
Euler1dExplicit: run(): Step 8530 - Time = 0.110830
Euler1dExplicit: run(): Step 8540 - Time = 0.110960
Euler1dExplicit: run(): Step 8550 - Time = 0.111090
Euler1dExplicit: run(): Step 8560 - Time = 0.111220
Euler1dExplicit: run(): Step 8570 - Time = 0.111350
Euler1dExplicit: run(): Step 8580 - Time = 0.111479
Euler1dExplicit: run(): Step 8590 - Time = 0.111609
Euler1dExplicit: run(): Step 8600 - Time = 0.111739
Euler1dExplicit: run(): Step 8610 - Time = 0.111869
Euler1dExplicit: run(): Step 8620 - Time = 0.111999
Euler1dExplicit: run(): Step 8630 - Time = 0.112129
Euler1dExplicit: run(): Step 8640 - Time = 0.112259
Euler1dExplicit: run(): Step 8650 - Time = 0.112389
Euler1dExplicit: run(): Step 8660 - Time = 0.112519
Euler1dExplicit: run(): Step 8670 - Time = 0.112649
Euler1dExplicit: run(): Step 8680 - Time = 0.112778
Euler1dExplicit: run(): Step 8690 - Time = 0.112908
Euler1dExplicit: run(): Step 8700 - Time = 0.113038
Euler1dExplicit: run(): Step 8710 - Time = 0.113168
Euler1dExplicit: run(): Step 8720 - Time = 0.113298
Euler1dExplicit: run(): Step 8730 - Time = 0.113428
Euler1dExplicit: run(): Step 8740 - Time = 0.113558
Euler1dExplicit: run(): Step 8750 - Time = 0.113688
Euler1dExplicit: run(): Step 8760 - Time = 0.113818
Euler1dExplicit: run(): Step 8770 - Time = 0.113948
Euler1dExplicit: run(): Step 8780 - Time = 0.114077
Euler1dExplicit: run(): Step 8790 - Time = 0.114207
Euler1dExplicit: run(): Step 8800 - Time = 0.114337
Euler1dExplicit: run(): Step 8810 - Time = 0.114467
Euler1dExplicit: run(): Step 8820 - Time = 0.114597
Euler1dExplicit: run(): Step 8830 - Time = 0.114727
Euler1dExplicit: run(): Step 8840 - Time = 0.114857
Euler1dExplicit: run(): Step 8850 - Time = 0.114987
Euler1dExplicit: run(): Step 8860 - Time = 0.115117
Euler1dExplicit: run(): Step 8870 - Time = 0.115246
Euler1dExplicit: run(): Step 8880 - Time = 0.115376
Euler1dExplicit: run(): Step 8890 - Time = 0.115506
Euler1dExplicit: run(): Step 8900 - Time = 0.115636
Euler1dExplicit: run(): Step 8910 - Time = 0.115766
Euler1dExplicit: run(): Step 8920 - Time = 0.115896
Euler1dExplicit: run(): Step 8930 - Time = 0.116026
Euler1dExplicit: run(): Step 8940 - Time = 0.116156
Euler1dExplicit: run(): Step 8950 - Time = 0.116286
Euler1dExplicit: run(): Step 8960 - Time = 0.116416
Euler1dExplicit: run(): Step 8970 - Time = 0.116545
Euler1dExplicit: run(): Step 8980 - Time = 0.116675
Euler1dExplicit: run(): Step 8990 - Time = 0.116805
Euler1dExplicit: run(): Step 9000 - Time = 0.116935
Euler1dExplicit: run(): Step 9010 - Time = 0.117065
Euler1dExplicit: run(): Step 9020 - Time = 0.117195
Euler1dExplicit: run(): Step 9030 - Time = 0.117325
Euler1dExplicit: run(): Step 9040 - Time = 0.117455
Euler1dExplicit: run(): Step 9050 - Time = 0.117585
Euler1dExplicit: run(): Step 9060 - Time = 0.117715
Euler1dExplicit: run(): Step 9070 - Time = 0.117844
Euler1dExplicit: run(): Step 9080 - Time = 0.117974
Euler1dExplicit: run(): Step 9090 - Time = 0.118104
Euler1dExplicit: run(): Step 9100 - Time = 0.118234
Euler1dExplicit: run(): Step 9110 - Time = 0.118364
Euler1dExplicit: run(): Step 9120 - Time = 0.118494
Euler1dExplicit: run(): Step 9130 - Time = 0.118624
Euler1dExplicit: run(): Step 9140 - Time = 0.118754
Euler1dExplicit: run(): Step 9150 - Time = 0.118884
Euler1dExplicit: run(): Step 9160 - Time = 0.119014
Euler1dExplicit: run(): Step 9170 - Time = 0.119143
Euler1dExplicit: run(): Step 9180 - Time = 0.119273
Euler1dExplicit: run(): Step 9190 - Time = 0.119403
Euler1dExplicit: run(): Step 9200 - Time = 0.119533
Euler1dExplicit: run(): Step 9210 - Time = 0.119663
Euler1dExplicit: run(): Step 9220 - Time = 0.119793
Euler1dExplicit: run(): Step 9230 - Time = 0.119923
Euler1dExplicit: run(): Step 9240 - Time = 0.120053
Euler1dExplicit: run(): Step 9250 - Time = 0.120183
Euler1dExplicit: run(): Step 9260 - Time = 0.120313
Euler1dExplicit: run(): Step 9270 - Time = 0.120442
Euler1dExplicit: run(): Step 9280 - Time = 0.120572
Euler1dExplicit: run(): Step 9290 - Time = 0.120702
Euler1dExplicit: run(): Step 9300 - Time = 0.120832
Euler1dExplicit: run(): Step 9310 - Time = 0.120962
Euler1dExplicit: run(): Step 9320 - Time = 0.121092
Euler1dExplicit: run(): Step 9330 - Time = 0.121222
Euler1dExplicit: run(): Step 9340 - Time = 0.121352
Euler1dExplicit: run(): Step 9350 - Time = 0.121482
Euler1dExplicit: run(): Step 9360 - Time = 0.121611
Euler1dExplicit: run(): Step 9370 - Time = 0.121741
Euler1dExplicit: run(): Step 9380 - Time = 0.121871
Euler1dExplicit: run(): Step 9390 - Time = 0.122001
Euler1dExplicit: run(): Step 9400 - Time = 0.122131
Euler1dExplicit: run(): Step 9410 - Time = 0.122261
Euler1dExplicit: run(): Step 9420 - Time = 0.122391
Euler1dExplicit: run(): Step 9430 - Time = 0.122521
Euler1dExplicit: run(): Step 9440 - Time = 0.122651
Euler1dExplicit: run(): Step 9450 - Time = 0.122781
Euler1dExplicit: run(): Step 9460 - Time = 0.122910
Euler1dExplicit: run(): Step 9470 - Time = 0.123040
Euler1dExplicit: run(): Step 9480 - Time = 0.123170
Euler1dExplicit: run(): Step 9490 - Time = 0.123300
Euler1dExplicit: run(): Step 9500 - Time = 0.123430
Euler1dExplicit: run(): Step 9510 - Time = 0.123560
Euler1dExplicit: run(): Step 9520 - Time = 0.123690
Euler1dExplicit: run(): Step 9530 - Time = 0.123820
Euler1dExplicit: run(): Step 9540 - Time = 0.123950
Euler1dExplicit: run(): Step 9550 - Time = 0.124080
Euler1dExplicit: run(): Step 9560 - Time = 0.124209
Euler1dExplicit: run(): Step 9570 - Time = 0.124339
Euler1dExplicit: run(): Step 9580 - Time = 0.124469
Euler1dExplicit: run(): Step 9590 - Time = 0.124599
Euler1dExplicit: run(): Step 9600 - Time = 0.124729
Euler1dExplicit: run(): Step 9610 - Time = 0.124859
Euler1dExplicit: run(): Step 9620 - Time = 0.124989
Euler1dExplicit: run(): Step 9630 - Time = 0.125119
Euler1dExplicit: run(): Step 9640 - Time = 0.125249
Euler1dExplicit: run(): Step 9650 - Time = 0.125379
Euler1dExplicit: run(): Step 9660 - Time = 0.125508
Euler1dExplicit: run(): Step 9670 - Time = 0.125638
Euler1dExplicit: run(): Step 9680 - Time = 0.125768
Euler1dExplicit: run(): Step 9690 - Time = 0.125898
Euler1dExplicit: run(): Step 9700 - Time = 0.126028
Euler1dExplicit: run(): Step 9710 - Time = 0.126158
Euler1dExplicit: run(): Step 9720 - Time = 0.126288
Euler1dExplicit: run(): Step 9730 - Time = 0.126418
Euler1dExplicit: run(): Step 9740 - Time = 0.126548
Euler1dExplicit: run(): Step 9750 - Time = 0.126678
Euler1dExplicit: run(): Step 9760 - Time = 0.126807
Euler1dExplicit: run(): Step 9770 - Time = 0.126937
Euler1dExplicit: run(): Step 9780 - Time = 0.127067
Euler1dExplicit: run(): Step 9790 - Time = 0.127197
Euler1dExplicit: run(): Step 9800 - Time = 0.127327
Euler1dExplicit: run(): Step 9810 - Time = 0.127457
Euler1dExplicit: run(): Step 9820 - Time = 0.127587
Euler1dExplicit: run(): Step 9830 - Time = 0.127717
Euler1dExplicit: run(): Step 9840 - Time = 0.127847
Euler1dExplicit: run(): Step 9850 - Time = 0.127976
Euler1dExplicit: run(): Step 9860 - Time = 0.128106
Euler1dExplicit: run(): Step 9870 - Time = 0.128236
Euler1dExplicit: run(): Step 9880 - Time = 0.128366
Euler1dExplicit: run(): Step 9890 - Time = 0.128496
Euler1dExplicit: run(): Step 9900 - Time = 0.128626
Euler1dExplicit: run(): Step 9910 - Time = 0.128756
Euler1dExplicit: run(): Step 9920 - Time = 0.128886
Euler1dExplicit: run(): Step 9930 - Time = 0.129016
Euler1dExplicit: run(): Step 9940 - Time = 0.129146
Euler1dExplicit: run(): Step 9950 - Time = 0.129275
Euler1dExplicit: run(): Step 9960 - Time = 0.129405
Euler1dExplicit: run(): Step 9970 - Time = 0.129535
Euler1dExplicit: run(): Step 9980 - Time = 0.129665
Euler1dExplicit: run(): Step 9990 - Time = 0.129795
Euler1dExplicit: run(): Step 10000 - Time = 0.129925
Euler1dExplicit: run(): Step 10010 - Time = 0.130055
Euler1dExplicit: run(): Step 10020 - Time = 0.130185
Euler1dExplicit: run(): Step 10030 - Time = 0.130315
Euler1dExplicit: run(): Step 10040 - Time = 0.130445
Euler1dExplicit: run(): Step 10050 - Time = 0.130574
Euler1dExplicit: run(): Step 10060 - Time = 0.130704
Euler1dExplicit: run(): Step 10070 - Time = 0.130834
Euler1dExplicit: run(): Step 10080 - Time = 0.130964
Euler1dExplicit: run(): Step 10090 - Time = 0.131094
Euler1dExplicit: run(): Step 10100 - Time = 0.131224
Euler1dExplicit: run(): Step 10110 - Time = 0.131354
Euler1dExplicit: run(): Step 10120 - Time = 0.131484
Euler1dExplicit: run(): Step 10130 - Time = 0.131614
Euler1dExplicit: run(): Step 10140 - Time = 0.131744
Euler1dExplicit: run(): Step 10150 - Time = 0.131873
Euler1dExplicit: run(): Step 10160 - Time = 0.132003
Euler1dExplicit: run(): Step 10170 - Time = 0.132133
Euler1dExplicit: run(): Step 10180 - Time = 0.132263
Euler1dExplicit: run(): Step 10190 - Time = 0.132393
Euler1dExplicit: run(): Step 10200 - Time = 0.132523
Euler1dExplicit: run(): Step 10210 - Time = 0.132653
Euler1dExplicit: run(): Step 10220 - Time = 0.132783
Euler1dExplicit: run(): Step 10230 - Time = 0.132913
Euler1dExplicit: run(): Step 10240 - Time = 0.133042
Euler1dExplicit: run(): Step 10250 - Time = 0.133172
Euler1dExplicit: run(): Step 10260 - Time = 0.133302
Euler1dExplicit: run(): Step 10270 - Time = 0.133432
Euler1dExplicit: run(): Step 10280 - Time = 0.133562
Euler1dExplicit: run(): Step 10290 - Time = 0.133692
Euler1dExplicit: run(): Step 10300 - Time = 0.133822
Euler1dExplicit: run(): Step 10310 - Time = 0.133952
Euler1dExplicit: run(): Step 10320 - Time = 0.134082
Euler1dExplicit: run(): Step 10330 - Time = 0.134212
Euler1dExplicit: run(): Step 10340 - Time = 0.134341
Euler1dExplicit: run(): Step 10350 - Time = 0.134471
Euler1dExplicit: run(): Step 10360 - Time = 0.134601
Euler1dExplicit: run(): Step 10370 - Time = 0.134731
Euler1dExplicit: run(): Step 10380 - Time = 0.134861
Euler1dExplicit: run(): Step 10390 - Time = 0.134991
Euler1dExplicit: run(): Step 10400 - Time = 0.135121
Euler1dExplicit: run(): Step 10410 - Time = 0.135251
Euler1dExplicit: run(): Step 10420 - Time = 0.135381
Euler1dExplicit: run(): Step 10430 - Time = 0.135511
Euler1dExplicit: run(): Step 10440 - Time = 0.135640
Euler1dExplicit: run(): Step 10450 - Time = 0.135770
Euler1dExplicit: run(): Step 10460 - Time = 0.135900
Euler1dExplicit: run(): Step 10470 - Time = 0.136030
Euler1dExplicit: run(): Step 10480 - Time = 0.136160
Euler1dExplicit: run(): Step 10490 - Time = 0.136290
Euler1dExplicit: run(): Step 10500 - Time = 0.136420
Euler1dExplicit: run(): Step 10510 - Time = 0.136550
Euler1dExplicit: run(): Step 10520 - Time = 0.136680
Euler1dExplicit: run(): Step 10530 - Time = 0.136810
Euler1dExplicit: run(): Step 10540 - Time = 0.136939
Euler1dExplicit: run(): Step 10550 - Time = 0.137069
Euler1dExplicit: run(): Step 10560 - Time = 0.137199
Euler1dExplicit: run(): Step 10570 - Time = 0.137329
Euler1dExplicit: run(): Step 10580 - Time = 0.137459
Euler1dExplicit: run(): Step 10590 - Time = 0.137589
Euler1dExplicit: run(): Step 10600 - Time = 0.137719
Euler1dExplicit: run(): Step 10610 - Time = 0.137849
Euler1dExplicit: run(): Step 10620 - Time = 0.137979
Euler1dExplicit: run(): Step 10630 - Time = 0.138109
Euler1dExplicit: run(): Step 10640 - Time = 0.138238
Euler1dExplicit: run(): Step 10650 - Time = 0.138368
Euler1dExplicit: run(): Step 10660 - Time = 0.138498
Euler1dExplicit: run(): Step 10670 - Time = 0.138628
Euler1dExplicit: run(): Step 10680 - Time = 0.138758
Euler1dExplicit: run(): Step 10690 - Time = 0.138888
Euler1dExplicit: run(): Step 10700 - Time = 0.139018
Euler1dExplicit: run(): Step 10710 - Time = 0.139148
Euler1dExplicit: run(): Step 10720 - Time = 0.139278
Euler1dExplicit: run(): Step 10730 - Time = 0.139407
Euler1dExplicit: run(): Step 10740 - Time = 0.139537
Euler1dExplicit: run(): Step 10750 - Time = 0.139667
Euler1dExplicit: run(): Step 10760 - Time = 0.139797
Euler1dExplicit: run(): Step 10770 - Time = 0.139927
Euler1dExplicit: run(): Step 10780 - Time = 0.140057
Euler1dExplicit: run(): Step 10790 - Time = 0.140187
Euler1dExplicit: run(): Step 10800 - Time = 0.140317
Euler1dExplicit: run(): Step 10810 - Time = 0.140447
Euler1dExplicit: run(): Step 10820 - Time = 0.140577
Euler1dExplicit: run(): Step 10830 - Time = 0.140706
Euler1dExplicit: run(): Step 10840 - Time = 0.140836
Euler1dExplicit: run(): Step 10850 - Time = 0.140966
Euler1dExplicit: run(): Step 10860 - Time = 0.141096
Euler1dExplicit: run(): Step 10870 - Time = 0.141226
Euler1dExplicit: run(): Step 10880 - Time = 0.141356
Euler1dExplicit: run(): Step 10890 - Time = 0.141486
Euler1dExplicit: run(): Step 10900 - Time = 0.141616
Euler1dExplicit: run(): Step 10910 - Time = 0.141746
Euler1dExplicit: run(): Step 10920 - Time = 0.141876
Euler1dExplicit: run(): Step 10930 - Time = 0.142005
Euler1dExplicit: run(): Step 10940 - Time = 0.142135
Euler1dExplicit: run(): Step 10950 - Time = 0.142265
Euler1dExplicit: run(): Step 10960 - Time = 0.142395
Euler1dExplicit: run(): Step 10970 - Time = 0.142525
Euler1dExplicit: run(): Step 10980 - Time = 0.142655
Euler1dExplicit: run(): Step 10990 - Time = 0.142785
Euler1dExplicit: run(): Step 11000 - Time = 0.142915
Euler1dExplicit: run(): Step 11010 - Time = 0.143045
Euler1dExplicit: run(): Step 11020 - Time = 0.143175
Euler1dExplicit: run(): Step 11030 - Time = 0.143304
Euler1dExplicit: run(): Step 11040 - Time = 0.143434
Euler1dExplicit: run(): Step 11050 - Time = 0.143564
Euler1dExplicit: run(): Step 11060 - Time = 0.143694
Euler1dExplicit: run(): Step 11070 - Time = 0.143824
Euler1dExplicit: run(): Step 11080 - Time = 0.143954
Euler1dExplicit: run(): Step 11090 - Time = 0.144084
Euler1dExplicit: run(): Step 11100 - Time = 0.144214
Euler1dExplicit: run(): Step 11110 - Time = 0.144344
Euler1dExplicit: run(): Step 11120 - Time = 0.144474
Euler1dExplicit: run(): Step 11130 - Time = 0.144603
Euler1dExplicit: run(): Step 11140 - Time = 0.144733
Euler1dExplicit: run(): Step 11150 - Time = 0.144863
Euler1dExplicit: run(): Step 11160 - Time = 0.144993
Euler1dExplicit: run(): Step 11170 - Time = 0.145123
Euler1dExplicit: run(): Step 11180 - Time = 0.145253
Euler1dExplicit: run(): Step 11190 - Time = 0.145383
Euler1dExplicit: run(): Step 11200 - Time = 0.145513
Euler1dExplicit: run(): Step 11210 - Time = 0.145643
Euler1dExplicit: run(): Step 11220 - Time = 0.145772
Euler1dExplicit: run(): Step 11230 - Time = 0.145902
Euler1dExplicit: run(): Step 11240 - Time = 0.146032
Euler1dExplicit: run(): Step 11250 - Time = 0.146162
Euler1dExplicit: run(): Step 11260 - Time = 0.146292
Euler1dExplicit: run(): Step 11270 - Time = 0.146422
Euler1dExplicit: run(): Step 11280 - Time = 0.146552
Euler1dExplicit: run(): Step 11290 - Time = 0.146682
Euler1dExplicit: run(): Step 11300 - Time = 0.146812
Euler1dExplicit: run(): Step 11310 - Time = 0.146942
Euler1dExplicit: run(): Step 11320 - Time = 0.147071
Euler1dExplicit: run(): Step 11330 - Time = 0.147201
Euler1dExplicit: run(): Step 11340 - Time = 0.147331
Euler1dExplicit: run(): Step 11350 - Time = 0.147461
Euler1dExplicit: run(): Step 11360 - Time = 0.147591
Euler1dExplicit: run(): Step 11370 - Time = 0.147721
Euler1dExplicit: run(): Step 11380 - Time = 0.147851
Euler1dExplicit: run(): Step 11390 - Time = 0.147981
Euler1dExplicit: run(): Step 11400 - Time = 0.148111
Euler1dExplicit: run(): Step 11410 - Time = 0.148241
Euler1dExplicit: run(): Step 11420 - Time = 0.148370
Euler1dExplicit: run(): Step 11430 - Time = 0.148500
Euler1dExplicit: run(): Step 11440 - Time = 0.148630
Euler1dExplicit: run(): Step 11450 - Time = 0.148760
Euler1dExplicit: run(): Step 11460 - Time = 0.148890
Euler1dExplicit: run(): Step 11470 - Time = 0.149020
Euler1dExplicit: run(): Step 11480 - Time = 0.149150
Euler1dExplicit: run(): Step 11490 - Time = 0.149280
Euler1dExplicit: run(): Step 11500 - Time = 0.149410
Euler1dExplicit: run(): Step 11510 - Time = 0.149540
Euler1dExplicit: run(): Step 11520 - Time = 0.149669
Euler1dExplicit: run(): Step 11530 - Time = 0.149799
Euler1dExplicit: run(): Step 11540 - Time = 0.149929
Euler1dExplicit: run(): Step 11550 - Time = 0.150059
Euler1dExplicit: run(): Step 11560 - Time = 0.150189
Euler1dExplicit: run(): Step 11570 - Time = 0.150319
Euler1dExplicit: run(): Step 11580 - Time = 0.150449
Euler1dExplicit: run(): Step 11590 - Time = 0.150579
Euler1dExplicit: run(): Step 11600 - Time = 0.150709
Euler1dExplicit: run(): Step 11610 - Time = 0.150839
Euler1dExplicit: run(): Step 11620 - Time = 0.150968
Euler1dExplicit: run(): Step 11630 - Time = 0.151098
Euler1dExplicit: run(): Step 11640 - Time = 0.151228
Euler1dExplicit: run(): Step 11650 - Time = 0.151358
Euler1dExplicit: run(): Step 11660 - Time = 0.151488
Euler1dExplicit: run(): Step 11670 - Time = 0.151618
Euler1dExplicit: run(): Step 11680 - Time = 0.151748
Euler1dExplicit: run(): Step 11690 - Time = 0.151878
Euler1dExplicit: run(): Step 11700 - Time = 0.152008
Euler1dExplicit: run(): Step 11710 - Time = 0.152137
Euler1dExplicit: run(): Step 11720 - Time = 0.152267
Euler1dExplicit: run(): Step 11730 - Time = 0.152397
Euler1dExplicit: run(): Step 11740 - Time = 0.152527
Euler1dExplicit: run(): Step 11750 - Time = 0.152657
Euler1dExplicit: run(): Step 11760 - Time = 0.152787
Euler1dExplicit: run(): Step 11770 - Time = 0.152917
Euler1dExplicit: run(): Step 11780 - Time = 0.153047
Euler1dExplicit: run(): Step 11790 - Time = 0.153177
Euler1dExplicit: run(): Step 11800 - Time = 0.153307
Euler1dExplicit: run(): Step 11810 - Time = 0.153436
Euler1dExplicit: run(): Step 11820 - Time = 0.153566
Euler1dExplicit: run(): Step 11830 - Time = 0.153696
Euler1dExplicit: run(): Step 11840 - Time = 0.153826
Euler1dExplicit: run(): Step 11850 - Time = 0.153956
Euler1dExplicit: run(): Step 11860 - Time = 0.154086
Euler1dExplicit: run(): Step 11870 - Time = 0.154216
Euler1dExplicit: run(): Step 11880 - Time = 0.154346
Euler1dExplicit: run(): Step 11890 - Time = 0.154476
Euler1dExplicit: run(): Step 11900 - Time = 0.154606
Euler1dExplicit: run(): Step 11910 - Time = 0.154735
Euler1dExplicit: run(): Step 11920 - Time = 0.154865
Euler1dExplicit: run(): Step 11930 - Time = 0.154995
Euler1dExplicit: run(): Step 11940 - Time = 0.155125
Euler1dExplicit: run(): Step 11950 - Time = 0.155255
Euler1dExplicit: run(): Step 11960 - Time = 0.155385
Euler1dExplicit: run(): Step 11970 - Time = 0.155515
Euler1dExplicit: run(): Step 11980 - Time = 0.155645
Euler1dExplicit: run(): Step 11990 - Time = 0.155775
Euler1dExplicit: run(): Step 12000 - Time = 0.155905
Euler1dExplicit: run(): Step 12010 - Time = 0.156034
Euler1dExplicit: run(): Step 12020 - Time = 0.156164
Euler1dExplicit: run(): Step 12030 - Time = 0.156294
Euler1dExplicit: run(): Step 12040 - Time = 0.156424
Euler1dExplicit: run(): Step 12050 - Time = 0.156554
Euler1dExplicit: run(): Step 12060 - Time = 0.156684
Euler1dExplicit: run(): Step 12070 - Time = 0.156814
Euler1dExplicit: run(): Step 12080 - Time = 0.156944
Euler1dExplicit: run(): Step 12090 - Time = 0.157074
Euler1dExplicit: run(): Step 12100 - Time = 0.157204
Euler1dExplicit: run(): Step 12110 - Time = 0.157333
Euler1dExplicit: run(): Step 12120 - Time = 0.157463
Euler1dExplicit: run(): Step 12130 - Time = 0.157593
Euler1dExplicit: run(): Step 12140 - Time = 0.157723
Euler1dExplicit: run(): Step 12150 - Time = 0.157853
Euler1dExplicit: run(): Step 12160 - Time = 0.157983
Euler1dExplicit: run(): Step 12170 - Time = 0.158113
Euler1dExplicit: run(): Step 12180 - Time = 0.158243
Euler1dExplicit: run(): Step 12190 - Time = 0.158373
Euler1dExplicit: run(): Step 12200 - Time = 0.158502
Euler1dExplicit: run(): Step 12210 - Time = 0.158632
Euler1dExplicit: run(): Step 12220 - Time = 0.158762
Euler1dExplicit: run(): Step 12230 - Time = 0.158892
Euler1dExplicit: run(): Step 12240 - Time = 0.159022
Euler1dExplicit: run(): Step 12250 - Time = 0.159152
Euler1dExplicit: run(): Step 12260 - Time = 0.159282
Euler1dExplicit: run(): Step 12270 - Time = 0.159412
Euler1dExplicit: run(): Step 12280 - Time = 0.159542
Euler1dExplicit: run(): Step 12290 - Time = 0.159672
Euler1dExplicit: run(): Step 12300 - Time = 0.159801
Euler1dExplicit: run(): Step 12310 - Time = 0.159931
Euler1dExplicit: run(): Step 12320 - Time = 0.160061
Euler1dExplicit: run(): Step 12330 - Time = 0.160191
Euler1dExplicit: run(): Step 12340 - Time = 0.160321
Euler1dExplicit: run(): Step 12350 - Time = 0.160451
Euler1dExplicit: run(): Step 12360 - Time = 0.160581
Euler1dExplicit: run(): Step 12370 - Time = 0.160711
Euler1dExplicit: run(): Step 12380 - Time = 0.160841
Euler1dExplicit: run(): Step 12390 - Time = 0.160971
Euler1dExplicit: run(): Step 12400 - Time = 0.161100
Euler1dExplicit: run(): Step 12410 - Time = 0.161230
Euler1dExplicit: run(): Step 12420 - Time = 0.161360
Euler1dExplicit: run(): Step 12430 - Time = 0.161490
Euler1dExplicit: run(): Step 12440 - Time = 0.161620
Euler1dExplicit: run(): Step 12450 - Time = 0.161750
Euler1dExplicit: run(): Step 12460 - Time = 0.161880
Euler1dExplicit: run(): Step 12470 - Time = 0.162010
Euler1dExplicit: run(): Step 12480 - Time = 0.162140
Euler1dExplicit: run(): Step 12490 - Time = 0.162270
Euler1dExplicit: run(): Step 12500 - Time = 0.162399
Euler1dExplicit: run(): Step 12510 - Time = 0.162529
Euler1dExplicit: run(): Step 12520 - Time = 0.162659
Euler1dExplicit: run(): Step 12530 - Time = 0.162789
Euler1dExplicit: run(): Step 12540 - Time = 0.162919
Euler1dExplicit: run(): Step 12550 - Time = 0.163049
Euler1dExplicit: run(): Step 12560 - Time = 0.163179
Euler1dExplicit: run(): Step 12570 - Time = 0.163309
Euler1dExplicit: run(): Step 12580 - Time = 0.163439
Euler1dExplicit: run(): Step 12590 - Time = 0.163569
Euler1dExplicit: run(): Step 12600 - Time = 0.163698
Euler1dExplicit: run(): Step 12610 - Time = 0.163828
Euler1dExplicit: run(): Step 12620 - Time = 0.163958
Euler1dExplicit: run(): Step 12630 - Time = 0.164088
Euler1dExplicit: run(): Step 12640 - Time = 0.164218
Euler1dExplicit: run(): Step 12650 - Time = 0.164348
Euler1dExplicit: run(): Step 12660 - Time = 0.164478
Euler1dExplicit: run(): Step 12670 - Time = 0.164608
Euler1dExplicit: run(): Step 12680 - Time = 0.164738
Euler1dExplicit: run(): Step 12690 - Time = 0.164867
Euler1dExplicit: run(): Step 12700 - Time = 0.164997
Euler1dExplicit: run(): Step 12710 - Time = 0.165127
Euler1dExplicit: run(): Step 12720 - Time = 0.165257
Euler1dExplicit: run(): Step 12730 - Time = 0.165387
Euler1dExplicit: run(): Step 12740 - Time = 0.165517
Euler1dExplicit: run(): Step 12750 - Time = 0.165647
Euler1dExplicit: run(): Step 12760 - Time = 0.165777
Euler1dExplicit: run(): Step 12770 - Time = 0.165907
Euler1dExplicit: run(): Step 12780 - Time = 0.166037
Euler1dExplicit: run(): Step 12790 - Time = 0.166166
Euler1dExplicit: run(): Step 12800 - Time = 0.166296
Euler1dExplicit: run(): Step 12810 - Time = 0.166426
Euler1dExplicit: run(): Step 12820 - Time = 0.166556
Euler1dExplicit: run(): Step 12830 - Time = 0.166686
Euler1dExplicit: run(): Step 12840 - Time = 0.166816
Euler1dExplicit: run(): Step 12850 - Time = 0.166946
Euler1dExplicit: run(): Step 12860 - Time = 0.167076
Euler1dExplicit: run(): Step 12870 - Time = 0.167206
Euler1dExplicit: run(): Step 12880 - Time = 0.167336
Euler1dExplicit: run(): Step 12890 - Time = 0.167465
Euler1dExplicit: run(): Step 12900 - Time = 0.167595
Euler1dExplicit: run(): Step 12910 - Time = 0.167725
Euler1dExplicit: run(): Step 12920 - Time = 0.167855
Euler1dExplicit: run(): Step 12930 - Time = 0.167985
Euler1dExplicit: run(): Step 12940 - Time = 0.168115
Euler1dExplicit: run(): Step 12950 - Time = 0.168245
Euler1dExplicit: run(): Step 12960 - Time = 0.168375
Euler1dExplicit: run(): Step 12970 - Time = 0.168505
Euler1dExplicit: run(): Step 12980 - Time = 0.168635
Euler1dExplicit: run(): Step 12990 - Time = 0.168764
Euler1dExplicit: run(): Step 13000 - Time = 0.168894
Euler1dExplicit: run(): Step 13010 - Time = 0.169024
Euler1dExplicit: run(): Step 13020 - Time = 0.169154
Euler1dExplicit: run(): Step 13030 - Time = 0.169284
Euler1dExplicit: run(): Step 13040 - Time = 0.169414
Euler1dExplicit: run(): Step 13050 - Time = 0.169544
Euler1dExplicit: run(): Step 13060 - Time = 0.169674
Euler1dExplicit: run(): Step 13070 - Time = 0.169804
Euler1dExplicit: run(): Step 13080 - Time = 0.169934
Euler1dExplicit: run(): Step 13090 - Time = 0.170063
Euler1dExplicit: run(): Step 13100 - Time = 0.170193
Euler1dExplicit: run(): Step 13110 - Time = 0.170323
Euler1dExplicit: run(): Step 13120 - Time = 0.170453
Euler1dExplicit: run(): Step 13130 - Time = 0.170583
Euler1dExplicit: run(): Step 13140 - Time = 0.170713
Euler1dExplicit: run(): Step 13150 - Time = 0.170843
Euler1dExplicit: run(): Step 13160 - Time = 0.170973
Euler1dExplicit: run(): Step 13170 - Time = 0.171103
Euler1dExplicit: run(): Step 13180 - Time = 0.171232
Euler1dExplicit: run(): Step 13190 - Time = 0.171362
Euler1dExplicit: run(): Step 13200 - Time = 0.171492
Euler1dExplicit: run(): Step 13210 - Time = 0.171622
Euler1dExplicit: run(): Step 13220 - Time = 0.171752
Euler1dExplicit: run(): Step 13230 - Time = 0.171882
Euler1dExplicit: run(): Step 13240 - Time = 0.172012
Euler1dExplicit: run(): Step 13250 - Time = 0.172142
Euler1dExplicit: run(): Step 13260 - Time = 0.172272
Euler1dExplicit: run(): Step 13270 - Time = 0.172402
Euler1dExplicit: run(): Step 13280 - Time = 0.172531
Euler1dExplicit: run(): Step 13290 - Time = 0.172661
Euler1dExplicit: run(): Step 13300 - Time = 0.172791
Euler1dExplicit: run(): Step 13310 - Time = 0.172921
Euler1dExplicit: run(): Step 13320 - Time = 0.173051
Euler1dExplicit: run(): Step 13330 - Time = 0.173181
Euler1dExplicit: run(): Step 13340 - Time = 0.173311
Euler1dExplicit: run(): Step 13350 - Time = 0.173441
Euler1dExplicit: run(): Step 13360 - Time = 0.173571
Euler1dExplicit: run(): Step 13370 - Time = 0.173701
Euler1dExplicit: run(): Step 13380 - Time = 0.173830
Euler1dExplicit: run(): Step 13390 - Time = 0.173960
Euler1dExplicit: run(): Step 13400 - Time = 0.174090
Euler1dExplicit: run(): Step 13410 - Time = 0.174220
Euler1dExplicit: run(): Step 13420 - Time = 0.174350
Euler1dExplicit: run(): Step 13430 - Time = 0.174480
Euler1dExplicit: run(): Step 13440 - Time = 0.174610
Euler1dExplicit: run(): Step 13450 - Time = 0.174740
Euler1dExplicit: run(): Step 13460 - Time = 0.174870
Euler1dExplicit: run(): Step 13470 - Time = 0.175000
Euler1dExplicit: run(): Step 13480 - Time = 0.175129
Euler1dExplicit: run(): Step 13490 - Time = 0.175259
Euler1dExplicit: run(): Step 13500 - Time = 0.175389
Euler1dExplicit: run(): Step 13510 - Time = 0.175519
Euler1dExplicit: run(): Step 13520 - Time = 0.175649
Euler1dExplicit: run(): Step 13530 - Time = 0.175779
Euler1dExplicit: run(): Step 13540 - Time = 0.175909
Euler1dExplicit: run(): Step 13550 - Time = 0.176039
Euler1dExplicit: run(): Step 13560 - Time = 0.176169
Euler1dExplicit: run(): Step 13570 - Time = 0.176299
Euler1dExplicit: run(): Step 13580 - Time = 0.176428
Euler1dExplicit: run(): Step 13590 - Time = 0.176558
Euler1dExplicit: run(): Step 13600 - Time = 0.176688
Euler1dExplicit: run(): Step 13610 - Time = 0.176818
Euler1dExplicit: run(): Step 13620 - Time = 0.176948
Euler1dExplicit: run(): Step 13630 - Time = 0.177078
Euler1dExplicit: run(): Step 13640 - Time = 0.177208
Euler1dExplicit: run(): Step 13650 - Time = 0.177338
Euler1dExplicit: run(): Step 13660 - Time = 0.177468
Euler1dExplicit: run(): Step 13670 - Time = 0.177597
Euler1dExplicit: run(): Step 13680 - Time = 0.177727
Euler1dExplicit: run(): Step 13690 - Time = 0.177857
Euler1dExplicit: run(): Step 13700 - Time = 0.177987
Euler1dExplicit: run(): Step 13710 - Time = 0.178117
Euler1dExplicit: run(): Step 13720 - Time = 0.178247
Euler1dExplicit: run(): Step 13730 - Time = 0.178377
Euler1dExplicit: run(): Step 13740 - Time = 0.178507
Euler1dExplicit: run(): Step 13750 - Time = 0.178637
Euler1dExplicit: run(): Step 13760 - Time = 0.178767
Euler1dExplicit: run(): Step 13770 - Time = 0.178896
Euler1dExplicit: run(): Step 13780 - Time = 0.179026
Euler1dExplicit: run(): Step 13790 - Time = 0.179156
Euler1dExplicit: run(): Step 13800 - Time = 0.179286
Euler1dExplicit: run(): Step 13810 - Time = 0.179416
Euler1dExplicit: run(): Step 13820 - Time = 0.179546
Euler1dExplicit: run(): Step 13830 - Time = 0.179676
Euler1dExplicit: run(): Step 13840 - Time = 0.179806
Euler1dExplicit: run(): Step 13850 - Time = 0.179936
Euler1dExplicit: run(): Step 13860 - Time = 0.180066
Euler1dExplicit: run(): Step 13870 - Time = 0.180195
Euler1dExplicit: run(): Step 13880 - Time = 0.180325
Euler1dExplicit: run(): Step 13890 - Time = 0.180455
Euler1dExplicit: run(): Step 13900 - Time = 0.180585
Euler1dExplicit: run(): Step 13910 - Time = 0.180715
Euler1dExplicit: run(): Step 13920 - Time = 0.180845
Euler1dExplicit: run(): Step 13930 - Time = 0.180975
Euler1dExplicit: run(): Step 13940 - Time = 0.181105
Euler1dExplicit: run(): Step 13950 - Time = 0.181235
Euler1dExplicit: run(): Step 13960 - Time = 0.181365
Euler1dExplicit: run(): Step 13970 - Time = 0.181494
Euler1dExplicit: run(): Step 13980 - Time = 0.181624
Euler1dExplicit: run(): Step 13990 - Time = 0.181754
Euler1dExplicit: run(): Step 14000 - Time = 0.181884
Euler1dExplicit: run(): Step 14010 - Time = 0.182014
Euler1dExplicit: run(): Step 14020 - Time = 0.182144
Euler1dExplicit: run(): Step 14030 - Time = 0.182274
Euler1dExplicit: run(): Step 14040 - Time = 0.182404
Euler1dExplicit: run(): Step 14050 - Time = 0.182534
Euler1dExplicit: run(): Step 14060 - Time = 0.182664
Euler1dExplicit: run(): Step 14070 - Time = 0.182793
Euler1dExplicit: run(): Step 14080 - Time = 0.182923
Euler1dExplicit: run(): Step 14090 - Time = 0.183053
Euler1dExplicit: run(): Step 14100 - Time = 0.183183
Euler1dExplicit: run(): Step 14110 - Time = 0.183313
Euler1dExplicit: run(): Step 14120 - Time = 0.183443
Euler1dExplicit: run(): Step 14130 - Time = 0.183573
Euler1dExplicit: run(): Step 14140 - Time = 0.183703
Euler1dExplicit: run(): Step 14150 - Time = 0.183833
Euler1dExplicit: run(): Step 14160 - Time = 0.183962
Euler1dExplicit: run(): Step 14170 - Time = 0.184092
Euler1dExplicit: run(): Step 14180 - Time = 0.184222
Euler1dExplicit: run(): Step 14190 - Time = 0.184352
Euler1dExplicit: run(): Step 14200 - Time = 0.184482
Euler1dExplicit: run(): Step 14210 - Time = 0.184612
Euler1dExplicit: run(): Step 14220 - Time = 0.184742
Euler1dExplicit: run(): Step 14230 - Time = 0.184872
Euler1dExplicit: run(): Step 14240 - Time = 0.185002
Euler1dExplicit: run(): Step 14250 - Time = 0.185132
Euler1dExplicit: run(): Step 14260 - Time = 0.185261
Euler1dExplicit: run(): Step 14270 - Time = 0.185391
Euler1dExplicit: run(): Step 14280 - Time = 0.185521
Euler1dExplicit: run(): Step 14290 - Time = 0.185651
Euler1dExplicit: run(): Step 14300 - Time = 0.185781
Euler1dExplicit: run(): Step 14310 - Time = 0.185911
Euler1dExplicit: run(): Step 14320 - Time = 0.186041
Euler1dExplicit: run(): Step 14330 - Time = 0.186171
Euler1dExplicit: run(): Step 14340 - Time = 0.186301
Euler1dExplicit: run(): Step 14350 - Time = 0.186431
Euler1dExplicit: run(): Step 14360 - Time = 0.186560
Euler1dExplicit: run(): Step 14370 - Time = 0.186690
Euler1dExplicit: run(): Step 14380 - Time = 0.186820
Euler1dExplicit: run(): Step 14390 - Time = 0.186950
Euler1dExplicit: run(): Step 14400 - Time = 0.187080
Euler1dExplicit: run(): Step 14410 - Time = 0.187210
Euler1dExplicit: run(): Step 14420 - Time = 0.187340
Euler1dExplicit: run(): Step 14430 - Time = 0.187470
Euler1dExplicit: run(): Step 14440 - Time = 0.187600
Euler1dExplicit: run(): Step 14450 - Time = 0.187730
Euler1dExplicit: run(): Step 14460 - Time = 0.187859
Euler1dExplicit: run(): Step 14470 - Time = 0.187989
Euler1dExplicit: run(): Step 14480 - Time = 0.188119
Euler1dExplicit: run(): Step 14490 - Time = 0.188249
Euler1dExplicit: run(): Step 14500 - Time = 0.188379
Euler1dExplicit: run(): Step 14510 - Time = 0.188509
Euler1dExplicit: run(): Step 14520 - Time = 0.188639
Euler1dExplicit: run(): Step 14530 - Time = 0.188769
Euler1dExplicit: run(): Step 14540 - Time = 0.188899
Euler1dExplicit: run(): Step 14550 - Time = 0.189029
Euler1dExplicit: run(): Step 14560 - Time = 0.189158
Euler1dExplicit: run(): Step 14570 - Time = 0.189288
Euler1dExplicit: run(): Step 14580 - Time = 0.189418
Euler1dExplicit: run(): Step 14590 - Time = 0.189548
Euler1dExplicit: run(): Step 14600 - Time = 0.189678
Euler1dExplicit: run(): Step 14610 - Time = 0.189808
Euler1dExplicit: run(): Step 14620 - Time = 0.189938
Euler1dExplicit: run(): Step 14630 - Time = 0.190068
Euler1dExplicit: run(): Step 14640 - Time = 0.190198
Euler1dExplicit: run(): Step 14650 - Time = 0.190327
Euler1dExplicit: run(): Step 14660 - Time = 0.190457
Euler1dExplicit: run(): Step 14670 - Time = 0.190587
Euler1dExplicit: run(): Step 14680 - Time = 0.190717
Euler1dExplicit: run(): Step 14690 - Time = 0.190847
Euler1dExplicit: run(): Step 14700 - Time = 0.190977
Euler1dExplicit: run(): Step 14710 - Time = 0.191107
Euler1dExplicit: run(): Step 14720 - Time = 0.191237
Euler1dExplicit: run(): Step 14730 - Time = 0.191367
Euler1dExplicit: run(): Step 14740 - Time = 0.191497
Euler1dExplicit: run(): Step 14750 - Time = 0.191626
Euler1dExplicit: run(): Step 14760 - Time = 0.191756
Euler1dExplicit: run(): Step 14770 - Time = 0.191886
Euler1dExplicit: run(): Step 14780 - Time = 0.192016
Euler1dExplicit: run(): Step 14790 - Time = 0.192146
Euler1dExplicit: run(): Step 14800 - Time = 0.192276
Euler1dExplicit: run(): Step 14810 - Time = 0.192406
Euler1dExplicit: run(): Step 14820 - Time = 0.192536
Euler1dExplicit: run(): Step 14830 - Time = 0.192666
Euler1dExplicit: run(): Step 14840 - Time = 0.192796
Euler1dExplicit: run(): Step 14850 - Time = 0.192925
Euler1dExplicit: run(): Step 14860 - Time = 0.193055
Euler1dExplicit: run(): Step 14870 - Time = 0.193185
Euler1dExplicit: run(): Step 14880 - Time = 0.193315
Euler1dExplicit: run(): Step 14890 - Time = 0.193445
Euler1dExplicit: run(): Step 14900 - Time = 0.193575
Euler1dExplicit: run(): Step 14910 - Time = 0.193705
Euler1dExplicit: run(): Step 14920 - Time = 0.193835
Euler1dExplicit: run(): Step 14930 - Time = 0.193965
Euler1dExplicit: run(): Step 14940 - Time = 0.194095
Euler1dExplicit: run(): Step 14950 - Time = 0.194224
Euler1dExplicit: run(): Step 14960 - Time = 0.194354
Euler1dExplicit: run(): Step 14970 - Time = 0.194484
Euler1dExplicit: run(): Step 14980 - Time = 0.194614
Euler1dExplicit: run(): Step 14990 - Time = 0.194744
Euler1dExplicit: run(): Step 15000 - Time = 0.194874
Euler1dExplicit: run(): Step 15010 - Time = 0.195004
Euler1dExplicit: run(): Step 15020 - Time = 0.195134
Euler1dExplicit: run(): Step 15030 - Time = 0.195264
Euler1dExplicit: run(): Step 15040 - Time = 0.195394
Euler1dExplicit: run(): Step 15050 - Time = 0.195523
Euler1dExplicit: run(): Step 15060 - Time = 0.195653
Euler1dExplicit: run(): Step 15070 - Time = 0.195783
Euler1dExplicit: run(): Step 15080 - Time = 0.195913
Euler1dExplicit: run(): Step 15090 - Time = 0.196043
Euler1dExplicit: run(): Step 15100 - Time = 0.196173
Euler1dExplicit: run(): Step 15110 - Time = 0.196303
Euler1dExplicit: run(): Step 15120 - Time = 0.196433
Euler1dExplicit: run(): Step 15130 - Time = 0.196563
Euler1dExplicit: run(): Step 15140 - Time = 0.196692
Euler1dExplicit: run(): Step 15150 - Time = 0.196822
Euler1dExplicit: run(): Step 15160 - Time = 0.196952
Euler1dExplicit: run(): Step 15170 - Time = 0.197082
Euler1dExplicit: run(): Step 15180 - Time = 0.197212
Euler1dExplicit: run(): Step 15190 - Time = 0.197342
Euler1dExplicit: run(): Step 15200 - Time = 0.197472
Euler1dExplicit: run(): Step 15210 - Time = 0.197602
Euler1dExplicit: run(): Step 15220 - Time = 0.197732
Euler1dExplicit: run(): Step 15230 - Time = 0.197862
Euler1dExplicit: run(): Step 15240 - Time = 0.197991
Euler1dExplicit: run(): Step 15250 - Time = 0.198121
Euler1dExplicit: run(): Step 15260 - Time = 0.198251
Euler1dExplicit: run(): Step 15270 - Time = 0.198381
Euler1dExplicit: run(): Step 15280 - Time = 0.198511
Euler1dExplicit: run(): Step 15290 - Time = 0.198641
Euler1dExplicit: run(): Step 15300 - Time = 0.198771
Euler1dExplicit: run(): Step 15310 - Time = 0.198901
Euler1dExplicit: run(): Step 15320 - Time = 0.199031
Euler1dExplicit: run(): Step 15330 - Time = 0.199161
Euler1dExplicit: run(): Step 15340 - Time = 0.199290
Euler1dExplicit: run(): Step 15350 - Time = 0.199420
Euler1dExplicit: run(): Step 15360 - Time = 0.199550
Euler1dExplicit: run(): Step 15370 - Time = 0.199680
Euler1dExplicit: run(): Step 15380 - Time = 0.199810
Euler1dExplicit: run(): Step 15390 - Time = 0.199940
Euler1dExplicit: run(): Done. Number of time steps = 15395, final time = 0.200005
----------------------------------------
Begin PBS Epilogue Fri Jan 27 17:59:06 EST 2017 1485557946
Job ID:		77167962.gm-1r16-n04.guillimin.clumeq.ca
Username:	akashi
Group:		rck-371-01
Job Name:	sodst_acc_gpu
Session:	31119
Limits:		neednodes=1:ppn=16:gpus=1:sandybridge,nodes=1:ppn=16:gpus=1:sandybridge,walltime=00:25:00
Resources:	cput=00:00:00,energy_used=0,mem=2744kb,vmem=30212kb,walltime=00:00:36
Queue:		k20
Account:	rck-371-aa
Exit code:	0
Nodes:	aw-4r14-n26
Killing leftovers...

End PBS Epilogue Fri Jan 27 17:59:07 EST 2017 1485557947
----------------------------------------
