----------------------------------------
Begin PBS Prologue Tue Jan 31 01:35:03 EST 2017 1485844503
Job ID:		77359415.gm-1r16-n04.guillimin.clumeq.ca
Username:	akashi
Group:		rck-371-01
Nodes:		aw-4r14-n16
End PBS Prologue Tue Jan 31 01:35:03 EST 2017 1485844503
----------------------------------------
Unsteady: 10000, 1.000000, 0, 0, vanleer, 0.200000, 0.200000, 1
setup: Selected Van Leer flux
Euler1dExplicit: Using 1-stage TVD RK scheme; loaded coefficients.
Euler1dExplicit: run(): Step 0 - Time = 0.000000
Euler1dExplicit: run(): Done. Number of time steps = 1, final time = 1.000000
----------------------------------------
Begin PBS Epilogue Tue Jan 31 01:35:07 EST 2017 1485844507
Job ID:		77359415.gm-1r16-n04.guillimin.clumeq.ca
Username:	akashi
Group:		rck-371-01
Job Name:	sodst_acc_gpu
Session:	14614
Limits:		neednodes=1:ppn=16:gpus=1,nodes=1:ppn=16:gpus=1,walltime=00:05:00
Resources:	cput=00:00:00,energy_used=0,mem=2744kb,vmem=30208kb,walltime=00:00:04
Queue:		k20
Account:	rck-371-aa
Exit code:	0
Nodes:	aw-4r14-n16
Killing leftovers...

End PBS Epilogue Tue Jan 31 01:35:07 EST 2017 1485844507
----------------------------------------
